CRITICAL - 2021-12-25 00:24:02 --> Call to undefined method App\Models\DuyuruModel::GetAll
#0 D:\Program Files\XAMPP\htdocs\bitirmeProjesi\app\Controllers\Backend\Duyurular.php(25): CodeIgniter\Model->__call('GetAll', Array)
#1 D:\Program Files\XAMPP\htdocs\bitirmeProjesi\system\CodeIgniter.php(824): App\Controllers\Backend\Duyurular->index()
#2 D:\Program Files\XAMPP\htdocs\bitirmeProjesi\system\CodeIgniter.php(410): CodeIgniter\CodeIgniter->runController(Object(App\Controllers\Backend\Duyurular))
#3 D:\Program Files\XAMPP\htdocs\bitirmeProjesi\system\CodeIgniter.php(318): CodeIgniter\CodeIgniter->handleRequest(NULL, Object(Config\Cache), false)
#4 D:\Program Files\XAMPP\htdocs\bitirmeProjesi\index.php(37): CodeIgniter\CodeIgniter->run()
#5 {main}
CRITICAL - 2021-12-25 00:31:59 --> default_custom is not a valid Pager template.
#0 D:\Program Files\XAMPP\htdocs\bitirmeProjesi\system\Pager\Pager.php(120): CodeIgniter\Pager\Exceptions\PagerException::forInvalidTemplate('default_custom')
#1 D:\Program Files\XAMPP\htdocs\bitirmeProjesi\system\Pager\Pager.php(83): CodeIgniter\Pager\Pager->displayLinks('default', 'default_custom')
#2 D:\Program Files\XAMPP\htdocs\bitirmeProjesi\app\Views\Frontend\AnnouncementView.php(55): CodeIgniter\Pager\Pager->links('default', 'default_custom')
#3 D:\Program Files\XAMPP\htdocs\bitirmeProjesi\system\View\View.php(214): include('D:\\Program File...')
#4 D:\Program Files\XAMPP\htdocs\bitirmeProjesi\system\View\View.php(217): CodeIgniter\View\View->CodeIgniter\View\{closure}()
#5 D:\Program Files\XAMPP\htdocs\bitirmeProjesi\system\Common.php(1097): CodeIgniter\View\View->render('Frontend/Announ...', Array, true)
#6 D:\Program Files\XAMPP\htdocs\bitirmeProjesi\app\Controllers\Frontend\Home.php(164): view('Frontend/Announ...', Array)
#7 D:\Program Files\XAMPP\htdocs\bitirmeProjesi\system\CodeIgniter.php(824): App\Controllers\Frontend\Home->announcement('tr')
#8 D:\Program Files\XAMPP\htdocs\bitirmeProjesi\system\CodeIgniter.php(410): CodeIgniter\CodeIgniter->runController(Object(App\Controllers\Frontend\Home))
#9 D:\Program Files\XAMPP\htdocs\bitirmeProjesi\system\CodeIgniter.php(318): CodeIgniter\CodeIgniter->handleRequest(NULL, Object(Config\Cache), false)
#10 D:\Program Files\XAMPP\htdocs\bitirmeProjesi\index.php(37): CodeIgniter\CodeIgniter->run()
#11 {main}
CRITICAL - 2021-12-25 01:04:59 --> Attempt to read property "yazi_foto" on array
#0 D:\Program Files\XAMPP\htdocs\bitirmeProjesi\app\Views\Frontend\AnnouncementView.php(29): CodeIgniter\Debug\Exceptions->errorHandler(2, 'Attempt to read...', 'D:\\Program File...', 29)
#1 D:\Program Files\XAMPP\htdocs\bitirmeProjesi\system\View\View.php(214): include('D:\\Program File...')
#2 D:\Program Files\XAMPP\htdocs\bitirmeProjesi\system\View\View.php(217): CodeIgniter\View\View->CodeIgniter\View\{closure}()
#3 D:\Program Files\XAMPP\htdocs\bitirmeProjesi\system\Common.php(1097): CodeIgniter\View\View->render('Frontend/Announ...', Array, true)
#4 D:\Program Files\XAMPP\htdocs\bitirmeProjesi\app\Controllers\Frontend\Home.php(164): view('Frontend/Announ...', Array)
#5 D:\Program Files\XAMPP\htdocs\bitirmeProjesi\system\CodeIgniter.php(824): App\Controllers\Frontend\Home->announcement('tr')
#6 D:\Program Files\XAMPP\htdocs\bitirmeProjesi\system\CodeIgniter.php(410): CodeIgniter\CodeIgniter->runController(Object(App\Controllers\Frontend\Home))
#7 D:\Program Files\XAMPP\htdocs\bitirmeProjesi\system\CodeIgniter.php(318): CodeIgniter\CodeIgniter->handleRequest(NULL, Object(Config\Cache), false)
#8 D:\Program Files\XAMPP\htdocs\bitirmeProjesi\index.php(37): CodeIgniter\CodeIgniter->run()
#9 {main}
CRITICAL - 2021-12-25 01:05:27 --> Undefined array key "yazi_fot"
#0 D:\Program Files\XAMPP\htdocs\bitirmeProjesi\app\Views\Frontend\AnnouncementView.php(29): CodeIgniter\Debug\Exceptions->errorHandler(2, 'Undefined array...', 'D:\\Program File...', 29)
#1 D:\Program Files\XAMPP\htdocs\bitirmeProjesi\system\View\View.php(214): include('D:\\Program File...')
#2 D:\Program Files\XAMPP\htdocs\bitirmeProjesi\system\View\View.php(217): CodeIgniter\View\View->CodeIgniter\View\{closure}()
#3 D:\Program Files\XAMPP\htdocs\bitirmeProjesi\system\Common.php(1097): CodeIgniter\View\View->render('Frontend/Announ...', Array, true)
#4 D:\Program Files\XAMPP\htdocs\bitirmeProjesi\app\Controllers\Frontend\Home.php(164): view('Frontend/Announ...', Array)
#5 D:\Program Files\XAMPP\htdocs\bitirmeProjesi\system\CodeIgniter.php(824): App\Controllers\Frontend\Home->announcement('tr')
#6 D:\Program Files\XAMPP\htdocs\bitirmeProjesi\system\CodeIgniter.php(410): CodeIgniter\CodeIgniter->runController(Object(App\Controllers\Frontend\Home))
#7 D:\Program Files\XAMPP\htdocs\bitirmeProjesi\system\CodeIgniter.php(318): CodeIgniter\CodeIgniter->handleRequest(NULL, Object(Config\Cache), false)
#8 D:\Program Files\XAMPP\htdocs\bitirmeProjesi\index.php(37): CodeIgniter\CodeIgniter->run()
#9 {main}
CRITICAL - 2021-12-25 01:13:44 --> syntax error, unexpected variable "$key", expecting ")"
#0 D:\Program Files\XAMPP\htdocs\bitirmeProjesi\system\View\View.php(217): CodeIgniter\View\View->CodeIgniter\View\{closure}()
#1 D:\Program Files\XAMPP\htdocs\bitirmeProjesi\system\Common.php(1097): CodeIgniter\View\View->render('Frontend/Announ...', Array, true)
#2 D:\Program Files\XAMPP\htdocs\bitirmeProjesi\app\Controllers\Frontend\Home.php(164): view('Frontend/Announ...', Array)
#3 D:\Program Files\XAMPP\htdocs\bitirmeProjesi\system\CodeIgniter.php(824): App\Controllers\Frontend\Home->announcement('tr')
#4 D:\Program Files\XAMPP\htdocs\bitirmeProjesi\system\CodeIgniter.php(410): CodeIgniter\CodeIgniter->runController(Object(App\Controllers\Frontend\Home))
#5 D:\Program Files\XAMPP\htdocs\bitirmeProjesi\system\CodeIgniter.php(318): CodeIgniter\CodeIgniter->handleRequest(NULL, Object(Config\Cache), false)
#6 D:\Program Files\XAMPP\htdocs\bitirmeProjesi\index.php(37): CodeIgniter\CodeIgniter->run()
#7 {main}
CRITICAL - 2021-12-25 01:21:47 --> htmlspecialchars(): Charset &quot;10&quot; is not supported, assuming UTF-8
#0 [internal function]: CodeIgniter\Debug\Exceptions->errorHandler(2, 'htmlspecialchar...', 'D:\\Program File...', 38)
#1 D:\Program Files\XAMPP\htdocs\bitirmeProjesi\app\Views\Frontend\AnnouncementView.php(38): htmlspecialchars('<p style="text-...', 0, '10')
#2 D:\Program Files\XAMPP\htdocs\bitirmeProjesi\system\View\View.php(214): include('D:\\Program File...')
#3 D:\Program Files\XAMPP\htdocs\bitirmeProjesi\system\View\View.php(217): CodeIgniter\View\View->CodeIgniter\View\{closure}()
#4 D:\Program Files\XAMPP\htdocs\bitirmeProjesi\system\Common.php(1097): CodeIgniter\View\View->render('Frontend/Announ...', Array, true)
#5 D:\Program Files\XAMPP\htdocs\bitirmeProjesi\app\Controllers\Frontend\Home.php(164): view('Frontend/Announ...', Array)
#6 D:\Program Files\XAMPP\htdocs\bitirmeProjesi\system\CodeIgniter.php(824): App\Controllers\Frontend\Home->announcement('tr')
#7 D:\Program Files\XAMPP\htdocs\bitirmeProjesi\system\CodeIgniter.php(410): CodeIgniter\CodeIgniter->runController(Object(App\Controllers\Frontend\Home))
#8 D:\Program Files\XAMPP\htdocs\bitirmeProjesi\system\CodeIgniter.php(318): CodeIgniter\CodeIgniter->handleRequest(NULL, Object(Config\Cache), false)
#9 D:\Program Files\XAMPP\htdocs\bitirmeProjesi\index.php(37): CodeIgniter\CodeIgniter->run()
#10 {main}
CRITICAL - 2021-12-25 02:10:17 --> Too few arguments to function App\Controllers\Frontend\Home::announcementDetail(), 1 passed in D:\Program Files\XAMPP\htdocs\bitirmeProjesi\system\CodeIgniter.php on line 824 and exactly 2 expected
#0 D:\Program Files\XAMPP\htdocs\bitirmeProjesi\system\CodeIgniter.php(824): App\Controllers\Frontend\Home->announcementDetail('tr')
#1 D:\Program Files\XAMPP\htdocs\bitirmeProjesi\system\CodeIgniter.php(410): CodeIgniter\CodeIgniter->runController(Object(App\Controllers\Frontend\Home))
#2 D:\Program Files\XAMPP\htdocs\bitirmeProjesi\system\CodeIgniter.php(318): CodeIgniter\CodeIgniter->handleRequest(NULL, Object(Config\Cache), false)
#3 D:\Program Files\XAMPP\htdocs\bitirmeProjesi\index.php(37): CodeIgniter\CodeIgniter->run()
#4 {main}
CRITICAL - 2021-12-25 02:11:23 --> Too few arguments to function App\Controllers\Frontend\Home::announcementDetail(), 1 passed in D:\Program Files\XAMPP\htdocs\bitirmeProjesi\system\CodeIgniter.php on line 824 and exactly 2 expected
#0 D:\Program Files\XAMPP\htdocs\bitirmeProjesi\system\CodeIgniter.php(824): App\Controllers\Frontend\Home->announcementDetail('tr')
#1 D:\Program Files\XAMPP\htdocs\bitirmeProjesi\system\CodeIgniter.php(410): CodeIgniter\CodeIgniter->runController(Object(App\Controllers\Frontend\Home))
#2 D:\Program Files\XAMPP\htdocs\bitirmeProjesi\system\CodeIgniter.php(318): CodeIgniter\CodeIgniter->handleRequest(NULL, Object(Config\Cache), false)
#3 D:\Program Files\XAMPP\htdocs\bitirmeProjesi\index.php(37): CodeIgniter\CodeIgniter->run()
#4 {main}
CRITICAL - 2021-12-25 02:16:40 --> Undefined property: stdClass::$yazi_img
#0 D:\Program Files\XAMPP\htdocs\bitirmeProjesi\app\Views\Frontend\Announcement_DetailView.php(28): CodeIgniter\Debug\Exceptions->errorHandler(2, 'Undefined prope...', 'D:\\Program File...', 28)
#1 D:\Program Files\XAMPP\htdocs\bitirmeProjesi\system\View\View.php(214): include('D:\\Program File...')
#2 D:\Program Files\XAMPP\htdocs\bitirmeProjesi\system\View\View.php(217): CodeIgniter\View\View->CodeIgniter\View\{closure}()
#3 D:\Program Files\XAMPP\htdocs\bitirmeProjesi\system\Common.php(1097): CodeIgniter\View\View->render('Frontend/Announ...', Array, true)
#4 D:\Program Files\XAMPP\htdocs\bitirmeProjesi\app\Controllers\Frontend\Home.php(184): view('Frontend/Announ...', Array)
#5 D:\Program Files\XAMPP\htdocs\bitirmeProjesi\system\CodeIgniter.php(824): App\Controllers\Frontend\Home->announcementDetail('tr', '1')
#6 D:\Program Files\XAMPP\htdocs\bitirmeProjesi\system\CodeIgniter.php(410): CodeIgniter\CodeIgniter->runController(Object(App\Controllers\Frontend\Home))
#7 D:\Program Files\XAMPP\htdocs\bitirmeProjesi\system\CodeIgniter.php(318): CodeIgniter\CodeIgniter->handleRequest(NULL, Object(Config\Cache), false)
#8 D:\Program Files\XAMPP\htdocs\bitirmeProjesi\index.php(37): CodeIgniter\CodeIgniter->run()
#9 {main}
CRITICAL - 2021-12-25 02:16:45 --> Undefined property: stdClass::$yazi_img
#0 D:\Program Files\XAMPP\htdocs\bitirmeProjesi\app\Views\Frontend\Announcement_DetailView.php(28): CodeIgniter\Debug\Exceptions->errorHandler(2, 'Undefined prope...', 'D:\\Program File...', 28)
#1 D:\Program Files\XAMPP\htdocs\bitirmeProjesi\system\View\View.php(214): include('D:\\Program File...')
#2 D:\Program Files\XAMPP\htdocs\bitirmeProjesi\system\View\View.php(217): CodeIgniter\View\View->CodeIgniter\View\{closure}()
#3 D:\Program Files\XAMPP\htdocs\bitirmeProjesi\system\Common.php(1097): CodeIgniter\View\View->render('Frontend/Announ...', Array, true)
#4 D:\Program Files\XAMPP\htdocs\bitirmeProjesi\app\Controllers\Frontend\Home.php(184): view('Frontend/Announ...', Array)
#5 D:\Program Files\XAMPP\htdocs\bitirmeProjesi\system\CodeIgniter.php(824): App\Controllers\Frontend\Home->announcementDetail('tr', '1')
#6 D:\Program Files\XAMPP\htdocs\bitirmeProjesi\system\CodeIgniter.php(410): CodeIgniter\CodeIgniter->runController(Object(App\Controllers\Frontend\Home))
#7 D:\Program Files\XAMPP\htdocs\bitirmeProjesi\system\CodeIgniter.php(318): CodeIgniter\CodeIgniter->handleRequest(NULL, Object(Config\Cache), false)
#8 D:\Program Files\XAMPP\htdocs\bitirmeProjesi\index.php(37): CodeIgniter\CodeIgniter->run()
#9 {main}
CRITICAL - 2021-12-25 02:17:37 --> Undefined variable $record
#0 D:\Program Files\XAMPP\htdocs\bitirmeProjesi\app\Views\Frontend\Announcement_DetailView.php(28): CodeIgniter\Debug\Exceptions->errorHandler(2, 'Undefined varia...', 'D:\\Program File...', 28)
#1 D:\Program Files\XAMPP\htdocs\bitirmeProjesi\system\View\View.php(214): include('D:\\Program File...')
#2 D:\Program Files\XAMPP\htdocs\bitirmeProjesi\system\View\View.php(217): CodeIgniter\View\View->CodeIgniter\View\{closure}()
#3 D:\Program Files\XAMPP\htdocs\bitirmeProjesi\system\Common.php(1097): CodeIgniter\View\View->render('Frontend/Announ...', Array, true)
#4 D:\Program Files\XAMPP\htdocs\bitirmeProjesi\app\Controllers\Frontend\Home.php(184): view('Frontend/Announ...', Array)
#5 D:\Program Files\XAMPP\htdocs\bitirmeProjesi\system\CodeIgniter.php(824): App\Controllers\Frontend\Home->announcementDetail('tr', '57')
#6 D:\Program Files\XAMPP\htdocs\bitirmeProjesi\system\CodeIgniter.php(410): CodeIgniter\CodeIgniter->runController(Object(App\Controllers\Frontend\Home))
#7 D:\Program Files\XAMPP\htdocs\bitirmeProjesi\system\CodeIgniter.php(318): CodeIgniter\CodeIgniter->handleRequest(NULL, Object(Config\Cache), false)
#8 D:\Program Files\XAMPP\htdocs\bitirmeProjesi\index.php(37): CodeIgniter\CodeIgniter->run()
#9 {main}
CRITICAL - 2021-12-25 02:17:46 --> Attempt to read property "yazi_foto" on array
#0 D:\Program Files\XAMPP\htdocs\bitirmeProjesi\app\Views\Frontend\Announcement_DetailView.php(28): CodeIgniter\Debug\Exceptions->errorHandler(2, 'Attempt to read...', 'D:\\Program File...', 28)
#1 D:\Program Files\XAMPP\htdocs\bitirmeProjesi\system\View\View.php(214): include('D:\\Program File...')
#2 D:\Program Files\XAMPP\htdocs\bitirmeProjesi\system\View\View.php(217): CodeIgniter\View\View->CodeIgniter\View\{closure}()
#3 D:\Program Files\XAMPP\htdocs\bitirmeProjesi\system\Common.php(1097): CodeIgniter\View\View->render('Frontend/Announ...', Array, true)
#4 D:\Program Files\XAMPP\htdocs\bitirmeProjesi\app\Controllers\Frontend\Home.php(184): view('Frontend/Announ...', Array)
#5 D:\Program Files\XAMPP\htdocs\bitirmeProjesi\system\CodeIgniter.php(824): App\Controllers\Frontend\Home->announcementDetail('tr', '57')
#6 D:\Program Files\XAMPP\htdocs\bitirmeProjesi\system\CodeIgniter.php(410): CodeIgniter\CodeIgniter->runController(Object(App\Controllers\Frontend\Home))
#7 D:\Program Files\XAMPP\htdocs\bitirmeProjesi\system\CodeIgniter.php(318): CodeIgniter\CodeIgniter->handleRequest(NULL, Object(Config\Cache), false)
#8 D:\Program Files\XAMPP\htdocs\bitirmeProjesi\index.php(37): CodeIgniter\CodeIgniter->run()
#9 {main}
CRITICAL - 2021-12-25 02:18:03 --> Cannot use object of type stdClass as array
#0 D:\Program Files\XAMPP\htdocs\bitirmeProjesi\system\View\View.php(214): include()
#1 D:\Program Files\XAMPP\htdocs\bitirmeProjesi\system\View\View.php(217): CodeIgniter\View\View->CodeIgniter\View\{closure}()
#2 D:\Program Files\XAMPP\htdocs\bitirmeProjesi\system\Common.php(1097): CodeIgniter\View\View->render('Frontend/Announ...', Array, true)
#3 D:\Program Files\XAMPP\htdocs\bitirmeProjesi\app\Controllers\Frontend\Home.php(184): view('Frontend/Announ...', Array)
#4 D:\Program Files\XAMPP\htdocs\bitirmeProjesi\system\CodeIgniter.php(824): App\Controllers\Frontend\Home->announcementDetail('tr', '57')
#5 D:\Program Files\XAMPP\htdocs\bitirmeProjesi\system\CodeIgniter.php(410): CodeIgniter\CodeIgniter->runController(Object(App\Controllers\Frontend\Home))
#6 D:\Program Files\XAMPP\htdocs\bitirmeProjesi\system\CodeIgniter.php(318): CodeIgniter\CodeIgniter->handleRequest(NULL, Object(Config\Cache), false)
#7 D:\Program Files\XAMPP\htdocs\bitirmeProjesi\index.php(37): CodeIgniter\CodeIgniter->run()
#8 {main}
CRITICAL - 2021-12-25 02:19:50 --> Undefined variable $key
#0 D:\Program Files\XAMPP\htdocs\bitirmeProjesi\app\Views\Frontend\Announcement_DetailView.php(28): CodeIgniter\Debug\Exceptions->errorHandler(2, 'Undefined varia...', 'D:\\Program File...', 28)
#1 D:\Program Files\XAMPP\htdocs\bitirmeProjesi\system\View\View.php(214): include('D:\\Program File...')
#2 D:\Program Files\XAMPP\htdocs\bitirmeProjesi\system\View\View.php(217): CodeIgniter\View\View->CodeIgniter\View\{closure}()
#3 D:\Program Files\XAMPP\htdocs\bitirmeProjesi\system\Common.php(1097): CodeIgniter\View\View->render('Frontend/Announ...', Array, true)
#4 D:\Program Files\XAMPP\htdocs\bitirmeProjesi\app\Controllers\Frontend\Home.php(184): view('Frontend/Announ...', Array)
#5 D:\Program Files\XAMPP\htdocs\bitirmeProjesi\system\CodeIgniter.php(824): App\Controllers\Frontend\Home->announcementDetail('tr', '1')
#6 D:\Program Files\XAMPP\htdocs\bitirmeProjesi\system\CodeIgniter.php(410): CodeIgniter\CodeIgniter->runController(Object(App\Controllers\Frontend\Home))
#7 D:\Program Files\XAMPP\htdocs\bitirmeProjesi\system\CodeIgniter.php(318): CodeIgniter\CodeIgniter->handleRequest(NULL, Object(Config\Cache), false)
#8 D:\Program Files\XAMPP\htdocs\bitirmeProjesi\index.php(37): CodeIgniter\CodeIgniter->run()
#9 {main}
CRITICAL - 2021-12-25 02:20:02 --> Undefined array key "yazi_foto"
#0 D:\Program Files\XAMPP\htdocs\bitirmeProjesi\app\Views\Frontend\Announcement_DetailView.php(28): CodeIgniter\Debug\Exceptions->errorHandler(2, 'Undefined array...', 'D:\\Program File...', 28)
#1 D:\Program Files\XAMPP\htdocs\bitirmeProjesi\system\View\View.php(214): include('D:\\Program File...')
#2 D:\Program Files\XAMPP\htdocs\bitirmeProjesi\system\View\View.php(217): CodeIgniter\View\View->CodeIgniter\View\{closure}()
#3 D:\Program Files\XAMPP\htdocs\bitirmeProjesi\system\Common.php(1097): CodeIgniter\View\View->render('Frontend/Announ...', Array, true)
#4 D:\Program Files\XAMPP\htdocs\bitirmeProjesi\app\Controllers\Frontend\Home.php(184): view('Frontend/Announ...', Array)
#5 D:\Program Files\XAMPP\htdocs\bitirmeProjesi\system\CodeIgniter.php(824): App\Controllers\Frontend\Home->announcementDetail('tr', '1')
#6 D:\Program Files\XAMPP\htdocs\bitirmeProjesi\system\CodeIgniter.php(410): CodeIgniter\CodeIgniter->runController(Object(App\Controllers\Frontend\Home))
#7 D:\Program Files\XAMPP\htdocs\bitirmeProjesi\system\CodeIgniter.php(318): CodeIgniter\CodeIgniter->handleRequest(NULL, Object(Config\Cache), false)
#8 D:\Program Files\XAMPP\htdocs\bitirmeProjesi\index.php(37): CodeIgniter\CodeIgniter->run()
#9 {main}
CRITICAL - 2021-12-25 02:21:57 --> syntax error, unexpected token "??", expecting end of file
#0 D:\Program Files\XAMPP\htdocs\bitirmeProjesi\system\View\View.php(217): CodeIgniter\View\View->CodeIgniter\View\{closure}()
#1 D:\Program Files\XAMPP\htdocs\bitirmeProjesi\system\Common.php(1097): CodeIgniter\View\View->render('Frontend/Announ...', Array, true)
#2 D:\Program Files\XAMPP\htdocs\bitirmeProjesi\app\Controllers\Frontend\Home.php(184): view('Frontend/Announ...', Array)
#3 D:\Program Files\XAMPP\htdocs\bitirmeProjesi\system\CodeIgniter.php(824): App\Controllers\Frontend\Home->announcementDetail('tr', '1')
#4 D:\Program Files\XAMPP\htdocs\bitirmeProjesi\system\CodeIgniter.php(410): CodeIgniter\CodeIgniter->runController(Object(App\Controllers\Frontend\Home))
#5 D:\Program Files\XAMPP\htdocs\bitirmeProjesi\system\CodeIgniter.php(318): CodeIgniter\CodeIgniter->handleRequest(NULL, Object(Config\Cache), false)
#6 D:\Program Files\XAMPP\htdocs\bitirmeProjesi\index.php(37): CodeIgniter\CodeIgniter->run()
#7 {main}
CRITICAL - 2021-12-25 03:06:04 --> Attempt to read property "yazi_foto" on null
#0 D:\Program Files\XAMPP\htdocs\bitirmeProjesi\app\Views\Frontend\AnnouncementDetailView.php(28): CodeIgniter\Debug\Exceptions->errorHandler(2, 'Attempt to read...', 'D:\\Program File...', 28)
#1 D:\Program Files\XAMPP\htdocs\bitirmeProjesi\system\View\View.php(214): include('D:\\Program File...')
#2 D:\Program Files\XAMPP\htdocs\bitirmeProjesi\system\View\View.php(217): CodeIgniter\View\View->CodeIgniter\View\{closure}()
#3 D:\Program Files\XAMPP\htdocs\bitirmeProjesi\system\Common.php(1097): CodeIgniter\View\View->render('Frontend/Announ...', Array, true)
#4 D:\Program Files\XAMPP\htdocs\bitirmeProjesi\app\Controllers\Frontend\Home.php(184): view('Frontend/Announ...', Array)
#5 D:\Program Files\XAMPP\htdocs\bitirmeProjesi\system\CodeIgniter.php(824): App\Controllers\Frontend\Home->announcementDetail('tr', 'announcement-de...', '2')
#6 D:\Program Files\XAMPP\htdocs\bitirmeProjesi\system\CodeIgniter.php(410): CodeIgniter\CodeIgniter->runController(Object(App\Controllers\Frontend\Home))
#7 D:\Program Files\XAMPP\htdocs\bitirmeProjesi\system\CodeIgniter.php(318): CodeIgniter\CodeIgniter->handleRequest(NULL, Object(Config\Cache), false)
#8 D:\Program Files\XAMPP\htdocs\bitirmeProjesi\index.php(37): CodeIgniter\CodeIgniter->run()
#9 {main}
CRITICAL - 2021-12-25 03:06:14 --> Attempt to read property "yazi_foto" on null
#0 D:\Program Files\XAMPP\htdocs\bitirmeProjesi\app\Views\Frontend\AnnouncementDetailView.php(28): CodeIgniter\Debug\Exceptions->errorHandler(2, 'Attempt to read...', 'D:\\Program File...', 28)
#1 D:\Program Files\XAMPP\htdocs\bitirmeProjesi\system\View\View.php(214): include('D:\\Program File...')
#2 D:\Program Files\XAMPP\htdocs\bitirmeProjesi\system\View\View.php(217): CodeIgniter\View\View->CodeIgniter\View\{closure}()
#3 D:\Program Files\XAMPP\htdocs\bitirmeProjesi\system\Common.php(1097): CodeIgniter\View\View->render('Frontend/Announ...', Array, true)
#4 D:\Program Files\XAMPP\htdocs\bitirmeProjesi\app\Controllers\Frontend\Home.php(184): view('Frontend/Announ...', Array)
#5 D:\Program Files\XAMPP\htdocs\bitirmeProjesi\system\CodeIgniter.php(824): App\Controllers\Frontend\Home->announcementDetail('tr', 'tr')
#6 D:\Program Files\XAMPP\htdocs\bitirmeProjesi\system\CodeIgniter.php(410): CodeIgniter\CodeIgniter->runController(Object(App\Controllers\Frontend\Home))
#7 D:\Program Files\XAMPP\htdocs\bitirmeProjesi\system\CodeIgniter.php(318): CodeIgniter\CodeIgniter->handleRequest(NULL, Object(Config\Cache), false)
#8 D:\Program Files\XAMPP\htdocs\bitirmeProjesi\index.php(37): CodeIgniter\CodeIgniter->run()
#9 {main}
CRITICAL - 2021-12-25 03:11:18 --> Attempt to read property "yazi_foto" on null
#0 D:\Program Files\XAMPP\htdocs\bitirmeProjesi\app\Views\Frontend\AnnouncementDetailView.php(28): CodeIgniter\Debug\Exceptions->errorHandler(2, 'Attempt to read...', 'D:\\Program File...', 28)
#1 D:\Program Files\XAMPP\htdocs\bitirmeProjesi\system\View\View.php(214): include('D:\\Program File...')
#2 D:\Program Files\XAMPP\htdocs\bitirmeProjesi\system\View\View.php(217): CodeIgniter\View\View->CodeIgniter\View\{closure}()
#3 D:\Program Files\XAMPP\htdocs\bitirmeProjesi\system\Common.php(1097): CodeIgniter\View\View->render('Frontend/Announ...', Array, true)
#4 D:\Program Files\XAMPP\htdocs\bitirmeProjesi\app\Controllers\Frontend\Home.php(184): view('Frontend/Announ...', Array)
#5 D:\Program Files\XAMPP\htdocs\bitirmeProjesi\system\CodeIgniter.php(824): App\Controllers\Frontend\Home->announcementDetail('tr', '')
#6 D:\Program Files\XAMPP\htdocs\bitirmeProjesi\system\CodeIgniter.php(410): CodeIgniter\CodeIgniter->runController(Object(App\Controllers\Frontend\Home))
#7 D:\Program Files\XAMPP\htdocs\bitirmeProjesi\system\CodeIgniter.php(318): CodeIgniter\CodeIgniter->handleRequest(NULL, Object(Config\Cache), false)
#8 D:\Program Files\XAMPP\htdocs\bitirmeProjesi\index.php(37): CodeIgniter\CodeIgniter->run()
#9 {main}
CRITICAL - 2021-12-25 03:11:24 --> Attempt to read property "yazi_foto" on null
#0 D:\Program Files\XAMPP\htdocs\bitirmeProjesi\app\Views\Frontend\AnnouncementDetailView.php(28): CodeIgniter\Debug\Exceptions->errorHandler(2, 'Attempt to read...', 'D:\\Program File...', 28)
#1 D:\Program Files\XAMPP\htdocs\bitirmeProjesi\system\View\View.php(214): include('D:\\Program File...')
#2 D:\Program Files\XAMPP\htdocs\bitirmeProjesi\system\View\View.php(217): CodeIgniter\View\View->CodeIgniter\View\{closure}()
#3 D:\Program Files\XAMPP\htdocs\bitirmeProjesi\system\Common.php(1097): CodeIgniter\View\View->render('Frontend/Announ...', Array, true)
#4 D:\Program Files\XAMPP\htdocs\bitirmeProjesi\app\Controllers\Frontend\Home.php(184): view('Frontend/Announ...', Array)
#5 D:\Program Files\XAMPP\htdocs\bitirmeProjesi\system\CodeIgniter.php(824): App\Controllers\Frontend\Home->announcementDetail('tr', '')
#6 D:\Program Files\XAMPP\htdocs\bitirmeProjesi\system\CodeIgniter.php(410): CodeIgniter\CodeIgniter->runController(Object(App\Controllers\Frontend\Home))
#7 D:\Program Files\XAMPP\htdocs\bitirmeProjesi\system\CodeIgniter.php(318): CodeIgniter\CodeIgniter->handleRequest(NULL, Object(Config\Cache), false)
#8 D:\Program Files\XAMPP\htdocs\bitirmeProjesi\index.php(37): CodeIgniter\CodeIgniter->run()
#9 {main}
CRITICAL - 2021-12-25 03:35:58 --> Undefined array key "pager"
#0 D:\Program Files\XAMPP\htdocs\bitirmeProjesi\app\Views\Frontend\EducationView.php(97): CodeIgniter\Debug\Exceptions->errorHandler(2, 'Undefined array...', 'D:\\Program File...', 97)
#1 D:\Program Files\XAMPP\htdocs\bitirmeProjesi\system\View\View.php(214): include('D:\\Program File...')
#2 D:\Program Files\XAMPP\htdocs\bitirmeProjesi\system\View\View.php(217): CodeIgniter\View\View->CodeIgniter\View\{closure}()
#3 D:\Program Files\XAMPP\htdocs\bitirmeProjesi\system\Common.php(1097): CodeIgniter\View\View->render('Frontend/Educat...', Array, true)
#4 D:\Program Files\XAMPP\htdocs\bitirmeProjesi\app\Controllers\Frontend\Home.php(112): view('Frontend/Educat...', Array)
#5 D:\Program Files\XAMPP\htdocs\bitirmeProjesi\system\CodeIgniter.php(824): App\Controllers\Frontend\Home->education('tr')
#6 D:\Program Files\XAMPP\htdocs\bitirmeProjesi\system\CodeIgniter.php(410): CodeIgniter\CodeIgniter->runController(Object(App\Controllers\Frontend\Home))
#7 D:\Program Files\XAMPP\htdocs\bitirmeProjesi\system\CodeIgniter.php(318): CodeIgniter\CodeIgniter->handleRequest(NULL, Object(Config\Cache), false)
#8 D:\Program Files\XAMPP\htdocs\bitirmeProjesi\index.php(37): CodeIgniter\CodeIgniter->run()
#9 {main}
CRITICAL - 2021-12-25 03:56:30 --> printf(): Argument #1 ($format) must be of type string, array given
#0 D:\Program Files\XAMPP\htdocs\bitirmeProjesi\app\Views\Frontend\EducationView.php(23): printf(Array)
#1 D:\Program Files\XAMPP\htdocs\bitirmeProjesi\system\View\View.php(214): include('D:\\Program File...')
#2 D:\Program Files\XAMPP\htdocs\bitirmeProjesi\system\View\View.php(217): CodeIgniter\View\View->CodeIgniter\View\{closure}()
#3 D:\Program Files\XAMPP\htdocs\bitirmeProjesi\system\Common.php(1097): CodeIgniter\View\View->render('Frontend/Educat...', Array, true)
#4 D:\Program Files\XAMPP\htdocs\bitirmeProjesi\app\Controllers\Frontend\Home.php(116): view('Frontend/Educat...', Array)
#5 D:\Program Files\XAMPP\htdocs\bitirmeProjesi\system\CodeIgniter.php(824): App\Controllers\Frontend\Home->education('tr')
#6 D:\Program Files\XAMPP\htdocs\bitirmeProjesi\system\CodeIgniter.php(410): CodeIgniter\CodeIgniter->runController(Object(App\Controllers\Frontend\Home))
#7 D:\Program Files\XAMPP\htdocs\bitirmeProjesi\system\CodeIgniter.php(318): CodeIgniter\CodeIgniter->handleRequest(NULL, Object(Config\Cache), false)
#8 D:\Program Files\XAMPP\htdocs\bitirmeProjesi\index.php(37): CodeIgniter\CodeIgniter->run()
#9 {main}
CRITICAL - 2021-12-25 03:56:52 --> printf(): Argument #1 ($format) must be of type string, array given
#0 D:\Program Files\XAMPP\htdocs\bitirmeProjesi\app\Views\Frontend\EducationView.php(23): printf(Array)
#1 D:\Program Files\XAMPP\htdocs\bitirmeProjesi\system\View\View.php(214): include('D:\\Program File...')
#2 D:\Program Files\XAMPP\htdocs\bitirmeProjesi\system\View\View.php(217): CodeIgniter\View\View->CodeIgniter\View\{closure}()
#3 D:\Program Files\XAMPP\htdocs\bitirmeProjesi\system\Common.php(1097): CodeIgniter\View\View->render('Frontend/Educat...', Array, true)
#4 D:\Program Files\XAMPP\htdocs\bitirmeProjesi\app\Controllers\Frontend\Home.php(116): view('Frontend/Educat...', Array)
#5 D:\Program Files\XAMPP\htdocs\bitirmeProjesi\system\CodeIgniter.php(824): App\Controllers\Frontend\Home->education('tr')
#6 D:\Program Files\XAMPP\htdocs\bitirmeProjesi\system\CodeIgniter.php(410): CodeIgniter\CodeIgniter->runController(Object(App\Controllers\Frontend\Home))
#7 D:\Program Files\XAMPP\htdocs\bitirmeProjesi\system\CodeIgniter.php(318): CodeIgniter\CodeIgniter->handleRequest(NULL, Object(Config\Cache), false)
#8 D:\Program Files\XAMPP\htdocs\bitirmeProjesi\index.php(37): CodeIgniter\CodeIgniter->run()
#9 {main}
CRITICAL - 2021-12-25 03:56:54 --> printf(): Argument #1 ($format) must be of type string, array given
#0 D:\Program Files\XAMPP\htdocs\bitirmeProjesi\app\Views\Frontend\EducationView.php(23): printf(Array)
#1 D:\Program Files\XAMPP\htdocs\bitirmeProjesi\system\View\View.php(214): include('D:\\Program File...')
#2 D:\Program Files\XAMPP\htdocs\bitirmeProjesi\system\View\View.php(217): CodeIgniter\View\View->CodeIgniter\View\{closure}()
#3 D:\Program Files\XAMPP\htdocs\bitirmeProjesi\system\Common.php(1097): CodeIgniter\View\View->render('Frontend/Educat...', Array, true)
#4 D:\Program Files\XAMPP\htdocs\bitirmeProjesi\app\Controllers\Frontend\Home.php(116): view('Frontend/Educat...', Array)
#5 D:\Program Files\XAMPP\htdocs\bitirmeProjesi\system\CodeIgniter.php(824): App\Controllers\Frontend\Home->education('tr')
#6 D:\Program Files\XAMPP\htdocs\bitirmeProjesi\system\CodeIgniter.php(410): CodeIgniter\CodeIgniter->runController(Object(App\Controllers\Frontend\Home))
#7 D:\Program Files\XAMPP\htdocs\bitirmeProjesi\system\CodeIgniter.php(318): CodeIgniter\CodeIgniter->handleRequest(NULL, Object(Config\Cache), false)
#8 D:\Program Files\XAMPP\htdocs\bitirmeProjesi\index.php(37): CodeIgniter\CodeIgniter->run()
#9 {main}
CRITICAL - 2021-12-25 03:56:55 --> printf(): Argument #1 ($format) must be of type string, array given
#0 D:\Program Files\XAMPP\htdocs\bitirmeProjesi\app\Views\Frontend\EducationView.php(23): printf(Array)
#1 D:\Program Files\XAMPP\htdocs\bitirmeProjesi\system\View\View.php(214): include('D:\\Program File...')
#2 D:\Program Files\XAMPP\htdocs\bitirmeProjesi\system\View\View.php(217): CodeIgniter\View\View->CodeIgniter\View\{closure}()
#3 D:\Program Files\XAMPP\htdocs\bitirmeProjesi\system\Common.php(1097): CodeIgniter\View\View->render('Frontend/Educat...', Array, true)
#4 D:\Program Files\XAMPP\htdocs\bitirmeProjesi\app\Controllers\Frontend\Home.php(116): view('Frontend/Educat...', Array)
#5 D:\Program Files\XAMPP\htdocs\bitirmeProjesi\system\CodeIgniter.php(824): App\Controllers\Frontend\Home->education('tr')
#6 D:\Program Files\XAMPP\htdocs\bitirmeProjesi\system\CodeIgniter.php(410): CodeIgniter\CodeIgniter->runController(Object(App\Controllers\Frontend\Home))
#7 D:\Program Files\XAMPP\htdocs\bitirmeProjesi\system\CodeIgniter.php(318): CodeIgniter\CodeIgniter->handleRequest(NULL, Object(Config\Cache), false)
#8 D:\Program Files\XAMPP\htdocs\bitirmeProjesi\index.php(37): CodeIgniter\CodeIgniter->run()
#9 {main}
CRITICAL - 2021-12-25 03:56:57 --> printf(): Argument #1 ($format) must be of type string, array given
#0 D:\Program Files\XAMPP\htdocs\bitirmeProjesi\app\Views\Frontend\EducationView.php(23): printf(Array)
#1 D:\Program Files\XAMPP\htdocs\bitirmeProjesi\system\View\View.php(214): include('D:\\Program File...')
#2 D:\Program Files\XAMPP\htdocs\bitirmeProjesi\system\View\View.php(217): CodeIgniter\View\View->CodeIgniter\View\{closure}()
#3 D:\Program Files\XAMPP\htdocs\bitirmeProjesi\system\Common.php(1097): CodeIgniter\View\View->render('Frontend/Educat...', Array, true)
#4 D:\Program Files\XAMPP\htdocs\bitirmeProjesi\app\Controllers\Frontend\Home.php(116): view('Frontend/Educat...', Array)
#5 D:\Program Files\XAMPP\htdocs\bitirmeProjesi\system\CodeIgniter.php(824): App\Controllers\Frontend\Home->education('tr')
#6 D:\Program Files\XAMPP\htdocs\bitirmeProjesi\system\CodeIgniter.php(410): CodeIgniter\CodeIgniter->runController(Object(App\Controllers\Frontend\Home))
#7 D:\Program Files\XAMPP\htdocs\bitirmeProjesi\system\CodeIgniter.php(318): CodeIgniter\CodeIgniter->handleRequest(NULL, Object(Config\Cache), false)
#8 D:\Program Files\XAMPP\htdocs\bitirmeProjesi\index.php(37): CodeIgniter\CodeIgniter->run()
#9 {main}
CRITICAL - 2021-12-25 03:58:04 --> syntax error, unexpected token "foreach"
#0 D:\Program Files\XAMPP\htdocs\bitirmeProjesi\system\View\View.php(217): CodeIgniter\View\View->CodeIgniter\View\{closure}()
#1 D:\Program Files\XAMPP\htdocs\bitirmeProjesi\system\Common.php(1097): CodeIgniter\View\View->render('Frontend/Educat...', Array, true)
#2 D:\Program Files\XAMPP\htdocs\bitirmeProjesi\app\Controllers\Frontend\Home.php(116): view('Frontend/Educat...', Array)
#3 D:\Program Files\XAMPP\htdocs\bitirmeProjesi\system\CodeIgniter.php(824): App\Controllers\Frontend\Home->education('tr')
#4 D:\Program Files\XAMPP\htdocs\bitirmeProjesi\system\CodeIgniter.php(410): CodeIgniter\CodeIgniter->runController(Object(App\Controllers\Frontend\Home))
#5 D:\Program Files\XAMPP\htdocs\bitirmeProjesi\system\CodeIgniter.php(318): CodeIgniter\CodeIgniter->handleRequest(NULL, Object(Config\Cache), false)
#6 D:\Program Files\XAMPP\htdocs\bitirmeProjesi\index.php(37): CodeIgniter\CodeIgniter->run()
#7 {main}
CRITICAL - 2021-12-25 03:58:26 --> syntax error, unexpected token "endforeach"
#0 D:\Program Files\XAMPP\htdocs\bitirmeProjesi\system\View\View.php(217): CodeIgniter\View\View->CodeIgniter\View\{closure}()
#1 D:\Program Files\XAMPP\htdocs\bitirmeProjesi\system\Common.php(1097): CodeIgniter\View\View->render('Frontend/Educat...', Array, true)
#2 D:\Program Files\XAMPP\htdocs\bitirmeProjesi\app\Controllers\Frontend\Home.php(116): view('Frontend/Educat...', Array)
#3 D:\Program Files\XAMPP\htdocs\bitirmeProjesi\system\CodeIgniter.php(824): App\Controllers\Frontend\Home->education('tr')
#4 D:\Program Files\XAMPP\htdocs\bitirmeProjesi\system\CodeIgniter.php(410): CodeIgniter\CodeIgniter->runController(Object(App\Controllers\Frontend\Home))
#5 D:\Program Files\XAMPP\htdocs\bitirmeProjesi\system\CodeIgniter.php(318): CodeIgniter\CodeIgniter->handleRequest(NULL, Object(Config\Cache), false)
#6 D:\Program Files\XAMPP\htdocs\bitirmeProjesi\index.php(37): CodeIgniter\CodeIgniter->run()
#7 {main}
CRITICAL - 2021-12-25 04:01:51 --> Undefined array key "yazi_id"
#0 D:\Program Files\XAMPP\htdocs\bitirmeProjesi\app\Views\Frontend\EducationView.php(50): CodeIgniter\Debug\Exceptions->errorHandler(2, 'Undefined array...', 'D:\\Program File...', 50)
#1 D:\Program Files\XAMPP\htdocs\bitirmeProjesi\system\View\View.php(214): include('D:\\Program File...')
#2 D:\Program Files\XAMPP\htdocs\bitirmeProjesi\system\View\View.php(217): CodeIgniter\View\View->CodeIgniter\View\{closure}()
#3 D:\Program Files\XAMPP\htdocs\bitirmeProjesi\system\Common.php(1097): CodeIgniter\View\View->render('Frontend/Educat...', Array, true)
#4 D:\Program Files\XAMPP\htdocs\bitirmeProjesi\app\Controllers\Frontend\Home.php(116): view('Frontend/Educat...', Array)
#5 D:\Program Files\XAMPP\htdocs\bitirmeProjesi\system\CodeIgniter.php(824): App\Controllers\Frontend\Home->education('tr')
#6 D:\Program Files\XAMPP\htdocs\bitirmeProjesi\system\CodeIgniter.php(410): CodeIgniter\CodeIgniter->runController(Object(App\Controllers\Frontend\Home))
#7 D:\Program Files\XAMPP\htdocs\bitirmeProjesi\system\CodeIgniter.php(318): CodeIgniter\CodeIgniter->handleRequest(NULL, Object(Config\Cache), false)
#8 D:\Program Files\XAMPP\htdocs\bitirmeProjesi\index.php(37): CodeIgniter\CodeIgniter->run()
#9 {main}
CRITICAL - 2021-12-25 04:16:18 --> Invalid file: Backend/EgitimlarView.php
#0 D:\Program Files\XAMPP\htdocs\bitirmeProjesi\system\View\View.php(198): CodeIgniter\Exceptions\FrameworkException::forInvalidFile('Backend/Egitiml...')
#1 D:\Program Files\XAMPP\htdocs\bitirmeProjesi\system\Common.php(1097): CodeIgniter\View\View->render('Backend/Egitiml...', Array, true)
#2 D:\Program Files\XAMPP\htdocs\bitirmeProjesi\app\Controllers\Backend\Egitimler.php(28): view('Backend/Egitiml...', Array)
#3 D:\Program Files\XAMPP\htdocs\bitirmeProjesi\system\CodeIgniter.php(824): App\Controllers\Backend\Egitimler->index()
#4 D:\Program Files\XAMPP\htdocs\bitirmeProjesi\system\CodeIgniter.php(410): CodeIgniter\CodeIgniter->runController(Object(App\Controllers\Backend\Egitimler))
#5 D:\Program Files\XAMPP\htdocs\bitirmeProjesi\system\CodeIgniter.php(318): CodeIgniter\CodeIgniter->handleRequest(NULL, Object(Config\Cache), false)
#6 D:\Program Files\XAMPP\htdocs\bitirmeProjesi\index.php(37): CodeIgniter\CodeIgniter->run()
#7 {main}
CRITICAL - 2021-12-25 04:17:04 --> Undefined property: stdClass::$yazi_foto
#0 D:\Program Files\XAMPP\htdocs\bitirmeProjesi\app\Views\Backend\EgitimlerView.php(72): CodeIgniter\Debug\Exceptions->errorHandler(2, 'Undefined prope...', 'D:\\Program File...', 72)
#1 D:\Program Files\XAMPP\htdocs\bitirmeProjesi\system\View\View.php(214): include('D:\\Program File...')
#2 D:\Program Files\XAMPP\htdocs\bitirmeProjesi\system\View\View.php(217): CodeIgniter\View\View->CodeIgniter\View\{closure}()
#3 D:\Program Files\XAMPP\htdocs\bitirmeProjesi\system\Common.php(1097): CodeIgniter\View\View->render('Backend/Egitiml...', Array, true)
#4 D:\Program Files\XAMPP\htdocs\bitirmeProjesi\app\Controllers\Backend\Egitimler.php(28): view('Backend/Egitiml...', Array)
#5 D:\Program Files\XAMPP\htdocs\bitirmeProjesi\system\CodeIgniter.php(824): App\Controllers\Backend\Egitimler->index()
#6 D:\Program Files\XAMPP\htdocs\bitirmeProjesi\system\CodeIgniter.php(410): CodeIgniter\CodeIgniter->runController(Object(App\Controllers\Backend\Egitimler))
#7 D:\Program Files\XAMPP\htdocs\bitirmeProjesi\system\CodeIgniter.php(318): CodeIgniter\CodeIgniter->handleRequest(NULL, Object(Config\Cache), false)
#8 D:\Program Files\XAMPP\htdocs\bitirmeProjesi\index.php(37): CodeIgniter\CodeIgniter->run()
#9 {main}
CRITICAL - 2021-12-25 04:17:54 --> Undefined variable $duyuru
#0 D:\Program Files\XAMPP\htdocs\bitirmeProjesi\app\Views\Backend\EgitimlerView.php(73): CodeIgniter\Debug\Exceptions->errorHandler(2, 'Undefined varia...', 'D:\\Program File...', 73)
#1 D:\Program Files\XAMPP\htdocs\bitirmeProjesi\system\View\View.php(214): include('D:\\Program File...')
#2 D:\Program Files\XAMPP\htdocs\bitirmeProjesi\system\View\View.php(217): CodeIgniter\View\View->CodeIgniter\View\{closure}()
#3 D:\Program Files\XAMPP\htdocs\bitirmeProjesi\system\Common.php(1097): CodeIgniter\View\View->render('Backend/Egitiml...', Array, true)
#4 D:\Program Files\XAMPP\htdocs\bitirmeProjesi\app\Controllers\Backend\Egitimler.php(28): view('Backend/Egitiml...', Array)
#5 D:\Program Files\XAMPP\htdocs\bitirmeProjesi\system\CodeIgniter.php(824): App\Controllers\Backend\Egitimler->index()
#6 D:\Program Files\XAMPP\htdocs\bitirmeProjesi\system\CodeIgniter.php(410): CodeIgniter\CodeIgniter->runController(Object(App\Controllers\Backend\Egitimler))
#7 D:\Program Files\XAMPP\htdocs\bitirmeProjesi\system\CodeIgniter.php(318): CodeIgniter\CodeIgniter->handleRequest(NULL, Object(Config\Cache), false)
#8 D:\Program Files\XAMPP\htdocs\bitirmeProjesi\index.php(37): CodeIgniter\CodeIgniter->run()
#9 {main}
CRITICAL - 2021-12-25 04:18:20 --> Undefined property: stdClass::$yazi_id
#0 D:\Program Files\XAMPP\htdocs\bitirmeProjesi\app\Views\Backend\EgitimlerView.php(78): CodeIgniter\Debug\Exceptions->errorHandler(2, 'Undefined prope...', 'D:\\Program File...', 78)
#1 D:\Program Files\XAMPP\htdocs\bitirmeProjesi\system\View\View.php(214): include('D:\\Program File...')
#2 D:\Program Files\XAMPP\htdocs\bitirmeProjesi\system\View\View.php(217): CodeIgniter\View\View->CodeIgniter\View\{closure}()
#3 D:\Program Files\XAMPP\htdocs\bitirmeProjesi\system\Common.php(1097): CodeIgniter\View\View->render('Backend/Egitiml...', Array, true)
#4 D:\Program Files\XAMPP\htdocs\bitirmeProjesi\app\Controllers\Backend\Egitimler.php(28): view('Backend/Egitiml...', Array)
#5 D:\Program Files\XAMPP\htdocs\bitirmeProjesi\system\CodeIgniter.php(824): App\Controllers\Backend\Egitimler->index()
#6 D:\Program Files\XAMPP\htdocs\bitirmeProjesi\system\CodeIgniter.php(410): CodeIgniter\CodeIgniter->runController(Object(App\Controllers\Backend\Egitimler))
#7 D:\Program Files\XAMPP\htdocs\bitirmeProjesi\system\CodeIgniter.php(318): CodeIgniter\CodeIgniter->handleRequest(NULL, Object(Config\Cache), false)
#8 D:\Program Files\XAMPP\htdocs\bitirmeProjesi\index.php(37): CodeIgniter\CodeIgniter->run()
#9 {main}
CRITICAL - 2021-12-25 04:29:30 --> Invalid file: Backend/EgitimEkleView.php
#0 D:\Program Files\XAMPP\htdocs\bitirmeProjesi\system\View\View.php(198): CodeIgniter\Exceptions\FrameworkException::forInvalidFile('Backend/EgitimE...')
#1 D:\Program Files\XAMPP\htdocs\bitirmeProjesi\system\Common.php(1097): CodeIgniter\View\View->render('Backend/EgitimE...', Array, true)
#2 D:\Program Files\XAMPP\htdocs\bitirmeProjesi\app\Controllers\Backend\Egitimler.php(70): view('Backend/EgitimE...')
#3 D:\Program Files\XAMPP\htdocs\bitirmeProjesi\system\CodeIgniter.php(824): App\Controllers\Backend\Egitimler->EgitimEkle()
#4 D:\Program Files\XAMPP\htdocs\bitirmeProjesi\system\CodeIgniter.php(410): CodeIgniter\CodeIgniter->runController(Object(App\Controllers\Backend\Egitimler))
#5 D:\Program Files\XAMPP\htdocs\bitirmeProjesi\system\CodeIgniter.php(318): CodeIgniter\CodeIgniter->handleRequest(NULL, Object(Config\Cache), false)
#6 D:\Program Files\XAMPP\htdocs\bitirmeProjesi\index.php(37): CodeIgniter\CodeIgniter->run()
#7 {main}
CRITICAL - 2021-12-25 04:30:24 --> Invalid file: Backend/EgitimEkleView.php
#0 D:\Program Files\XAMPP\htdocs\bitirmeProjesi\system\View\View.php(198): CodeIgniter\Exceptions\FrameworkException::forInvalidFile('Backend/EgitimE...')
#1 D:\Program Files\XAMPP\htdocs\bitirmeProjesi\system\Common.php(1097): CodeIgniter\View\View->render('Backend/EgitimE...', Array, true)
#2 D:\Program Files\XAMPP\htdocs\bitirmeProjesi\app\Controllers\Backend\Egitimler.php(70): view('Backend/EgitimE...')
#3 D:\Program Files\XAMPP\htdocs\bitirmeProjesi\system\CodeIgniter.php(824): App\Controllers\Backend\Egitimler->EgitimEkle()
#4 D:\Program Files\XAMPP\htdocs\bitirmeProjesi\system\CodeIgniter.php(410): CodeIgniter\CodeIgniter->runController(Object(App\Controllers\Backend\Egitimler))
#5 D:\Program Files\XAMPP\htdocs\bitirmeProjesi\system\CodeIgniter.php(318): CodeIgniter\CodeIgniter->handleRequest(NULL, Object(Config\Cache), false)
#6 D:\Program Files\XAMPP\htdocs\bitirmeProjesi\index.php(37): CodeIgniter\CodeIgniter->run()
#7 {main}
CRITICAL - 2021-12-25 04:33:16 --> EgitimEkle is not a validation rules group.
#0 D:\Program Files\XAMPP\htdocs\bitirmeProjesi\system\Validation\Validation.php(520): CodeIgniter\Validation\Exceptions\ValidationException::forGroupNotFound('EgitimEkle')
#1 D:\Program Files\XAMPP\htdocs\bitirmeProjesi\system\Validation\Validation.php(116): CodeIgniter\Validation\Validation->loadRuleGroup('EgitimEkle')
#2 D:\Program Files\XAMPP\htdocs\bitirmeProjesi\app\Controllers\Backend\Egitimler.php(43): CodeIgniter\Validation\Validation->run(Array, 'EgitimEkle')
#3 D:\Program Files\XAMPP\htdocs\bitirmeProjesi\system\CodeIgniter.php(824): App\Controllers\Backend\Egitimler->EgitimEkle()
#4 D:\Program Files\XAMPP\htdocs\bitirmeProjesi\system\CodeIgniter.php(410): CodeIgniter\CodeIgniter->runController(Object(App\Controllers\Backend\Egitimler))
#5 D:\Program Files\XAMPP\htdocs\bitirmeProjesi\system\CodeIgniter.php(318): CodeIgniter\CodeIgniter->handleRequest(NULL, Object(Config\Cache), false)
#6 D:\Program Files\XAMPP\htdocs\bitirmeProjesi\index.php(37): CodeIgniter\CodeIgniter->run()
#7 {main}
CRITICAL - 2021-12-25 04:43:46 --> Undefined array key "egitim_foto"
#0 D:\Program Files\XAMPP\htdocs\bitirmeProjesi\app\Views\Frontend\AnnouncementView.php(42): CodeIgniter\Debug\Exceptions->errorHandler(2, 'Undefined array...', 'D:\\Program File...', 42)
#1 D:\Program Files\XAMPP\htdocs\bitirmeProjesi\system\View\View.php(214): include('D:\\Program File...')
#2 D:\Program Files\XAMPP\htdocs\bitirmeProjesi\system\View\View.php(217): CodeIgniter\View\View->CodeIgniter\View\{closure}()
#3 D:\Program Files\XAMPP\htdocs\bitirmeProjesi\system\Common.php(1097): CodeIgniter\View\View->render('Frontend/Announ...', Array, true)
#4 D:\Program Files\XAMPP\htdocs\bitirmeProjesi\app\Controllers\Frontend\Home.php(170): view('Frontend/Announ...', Array)
#5 D:\Program Files\XAMPP\htdocs\bitirmeProjesi\system\CodeIgniter.php(824): App\Controllers\Frontend\Home->announcement('tr')
#6 D:\Program Files\XAMPP\htdocs\bitirmeProjesi\system\CodeIgniter.php(410): CodeIgniter\CodeIgniter->runController(Object(App\Controllers\Frontend\Home))
#7 D:\Program Files\XAMPP\htdocs\bitirmeProjesi\system\CodeIgniter.php(318): CodeIgniter\CodeIgniter->handleRequest(NULL, Object(Config\Cache), false)
#8 D:\Program Files\XAMPP\htdocs\bitirmeProjesi\index.php(37): CodeIgniter\CodeIgniter->run()
#9 {main}
CRITICAL - 2021-12-25 04:49:14 --> Undefined property: stdClass::$yazi_foto
#0 D:\Program Files\XAMPP\htdocs\bitirmeProjesi\app\Views\Frontend\AnnouncementDetailView.php(28): CodeIgniter\Debug\Exceptions->errorHandler(2, 'Undefined prope...', 'D:\\Program File...', 28)
#1 D:\Program Files\XAMPP\htdocs\bitirmeProjesi\system\View\View.php(214): include('D:\\Program File...')
#2 D:\Program Files\XAMPP\htdocs\bitirmeProjesi\system\View\View.php(217): CodeIgniter\View\View->CodeIgniter\View\{closure}()
#3 D:\Program Files\XAMPP\htdocs\bitirmeProjesi\system\Common.php(1097): CodeIgniter\View\View->render('Frontend/Announ...', Array, true)
#4 D:\Program Files\XAMPP\htdocs\bitirmeProjesi\app\Controllers\Frontend\Home.php(133): view('Frontend/Announ...', Array)
#5 D:\Program Files\XAMPP\htdocs\bitirmeProjesi\system\CodeIgniter.php(824): App\Controllers\Frontend\Home->educationDetail('tr', '58')
#6 D:\Program Files\XAMPP\htdocs\bitirmeProjesi\system\CodeIgniter.php(410): CodeIgniter\CodeIgniter->runController(Object(App\Controllers\Frontend\Home))
#7 D:\Program Files\XAMPP\htdocs\bitirmeProjesi\system\CodeIgniter.php(318): CodeIgniter\CodeIgniter->handleRequest(NULL, Object(Config\Cache), false)
#8 D:\Program Files\XAMPP\htdocs\bitirmeProjesi\index.php(37): CodeIgniter\CodeIgniter->run()
#9 {main}
CRITICAL - 2021-12-25 04:55:00 --> Attempt to read property "egitim_foto" on null
#0 D:\Program Files\XAMPP\htdocs\bitirmeProjesi\app\Views\Frontend\EducationDetailView.php(28): CodeIgniter\Debug\Exceptions->errorHandler(2, 'Attempt to read...', 'D:\\Program File...', 28)
#1 D:\Program Files\XAMPP\htdocs\bitirmeProjesi\system\View\View.php(214): include('D:\\Program File...')
#2 D:\Program Files\XAMPP\htdocs\bitirmeProjesi\system\View\View.php(217): CodeIgniter\View\View->CodeIgniter\View\{closure}()
#3 D:\Program Files\XAMPP\htdocs\bitirmeProjesi\system\Common.php(1097): CodeIgniter\View\View->render('Frontend/Educat...', Array, true)
#4 D:\Program Files\XAMPP\htdocs\bitirmeProjesi\app\Controllers\Frontend\Home.php(133): view('Frontend/Educat...', Array)
#5 D:\Program Files\XAMPP\htdocs\bitirmeProjesi\system\CodeIgniter.php(824): App\Controllers\Frontend\Home->educationDetail('tr', 'education')
#6 D:\Program Files\XAMPP\htdocs\bitirmeProjesi\system\CodeIgniter.php(410): CodeIgniter\CodeIgniter->runController(Object(App\Controllers\Frontend\Home))
#7 D:\Program Files\XAMPP\htdocs\bitirmeProjesi\system\CodeIgniter.php(318): CodeIgniter\CodeIgniter->handleRequest(NULL, Object(Config\Cache), false)
#8 D:\Program Files\XAMPP\htdocs\bitirmeProjesi\index.php(37): CodeIgniter\CodeIgniter->run()
#9 {main}
CRITICAL - 2021-12-25 05:21:28 --> Attempt to read property "egitim_foto" on null
#0 D:\Program Files\XAMPP\htdocs\bitirmeProjesi\app\Views\Frontend\EducationDetailView.php(28): CodeIgniter\Debug\Exceptions->errorHandler(2, 'Attempt to read...', 'D:\\Program File...', 28)
#1 D:\Program Files\XAMPP\htdocs\bitirmeProjesi\system\View\View.php(214): include('D:\\Program File...')
#2 D:\Program Files\XAMPP\htdocs\bitirmeProjesi\system\View\View.php(217): CodeIgniter\View\View->CodeIgniter\View\{closure}()
#3 D:\Program Files\XAMPP\htdocs\bitirmeProjesi\system\Common.php(1097): CodeIgniter\View\View->render('Frontend/Educat...', Array, true)
#4 D:\Program Files\XAMPP\htdocs\bitirmeProjesi\app\Controllers\Frontend\Home.php(133): view('Frontend/Educat...', Array)
#5 D:\Program Files\XAMPP\htdocs\bitirmeProjesi\system\CodeIgniter.php(824): App\Controllers\Frontend\Home->educationDetail('tr', 'contact')
#6 D:\Program Files\XAMPP\htdocs\bitirmeProjesi\system\CodeIgniter.php(410): CodeIgniter\CodeIgniter->runController(Object(App\Controllers\Frontend\Home))
#7 D:\Program Files\XAMPP\htdocs\bitirmeProjesi\system\CodeIgniter.php(318): CodeIgniter\CodeIgniter->handleRequest(NULL, Object(Config\Cache), false)
#8 D:\Program Files\XAMPP\htdocs\bitirmeProjesi\index.php(37): CodeIgniter\CodeIgniter->run()
#9 {main}
CRITICAL - 2021-12-25 23:23:20 --> Call to a member function getName() on null
#0 D:\Program Files\XAMPP\htdocs\bitirmeProjesi\system\CodeIgniter.php(824): App\Controllers\Backend\Egitimler->EgitimEkle()
#1 D:\Program Files\XAMPP\htdocs\bitirmeProjesi\system\CodeIgniter.php(410): CodeIgniter\CodeIgniter->runController(Object(App\Controllers\Backend\Egitimler))
#2 D:\Program Files\XAMPP\htdocs\bitirmeProjesi\system\CodeIgniter.php(318): CodeIgniter\CodeIgniter->handleRequest(NULL, Object(Config\Cache), false)
#3 D:\Program Files\XAMPP\htdocs\bitirmeProjesi\index.php(37): CodeIgniter\CodeIgniter->run()
#4 {main}
CRITICAL - 2021-12-25 23:25:28 --> Call to a member function getName() on null
#0 D:\Program Files\XAMPP\htdocs\bitirmeProjesi\system\CodeIgniter.php(824): App\Controllers\Backend\Egitimler->EgitimEkle()
#1 D:\Program Files\XAMPP\htdocs\bitirmeProjesi\system\CodeIgniter.php(410): CodeIgniter\CodeIgniter->runController(Object(App\Controllers\Backend\Egitimler))
#2 D:\Program Files\XAMPP\htdocs\bitirmeProjesi\system\CodeIgniter.php(318): CodeIgniter\CodeIgniter->handleRequest(NULL, Object(Config\Cache), false)
#3 D:\Program Files\XAMPP\htdocs\bitirmeProjesi\index.php(37): CodeIgniter\CodeIgniter->run()
#4 {main}
CRITICAL - 2021-12-25 23:25:32 --> Call to a member function getName() on null
#0 D:\Program Files\XAMPP\htdocs\bitirmeProjesi\system\CodeIgniter.php(824): App\Controllers\Backend\Egitimler->EgitimEkle()
#1 D:\Program Files\XAMPP\htdocs\bitirmeProjesi\system\CodeIgniter.php(410): CodeIgniter\CodeIgniter->runController(Object(App\Controllers\Backend\Egitimler))
#2 D:\Program Files\XAMPP\htdocs\bitirmeProjesi\system\CodeIgniter.php(318): CodeIgniter\CodeIgniter->handleRequest(NULL, Object(Config\Cache), false)
#3 D:\Program Files\XAMPP\htdocs\bitirmeProjesi\index.php(37): CodeIgniter\CodeIgniter->run()
#4 {main}
CRITICAL - 2021-12-25 23:26:01 --> Call to a member function getName() on null
#0 D:\Program Files\XAMPP\htdocs\bitirmeProjesi\system\CodeIgniter.php(824): App\Controllers\Backend\Egitimler->EgitimEkle()
#1 D:\Program Files\XAMPP\htdocs\bitirmeProjesi\system\CodeIgniter.php(410): CodeIgniter\CodeIgniter->runController(Object(App\Controllers\Backend\Egitimler))
#2 D:\Program Files\XAMPP\htdocs\bitirmeProjesi\system\CodeIgniter.php(318): CodeIgniter\CodeIgniter->handleRequest(NULL, Object(Config\Cache), false)
#3 D:\Program Files\XAMPP\htdocs\bitirmeProjesi\index.php(37): CodeIgniter\CodeIgniter->run()
#4 {main}
CRITICAL - 2021-12-25 23:37:01 --> Array to string conversion
#0 D:\Program Files\XAMPP\htdocs\bitirmeProjesi\app\Views\Frontend\AboutView.php(21): CodeIgniter\Debug\Exceptions->errorHandler(2, 'Array to string...', 'D:\\Program File...', 21)
#1 D:\Program Files\XAMPP\htdocs\bitirmeProjesi\system\View\View.php(214): include('D:\\Program File...')
#2 D:\Program Files\XAMPP\htdocs\bitirmeProjesi\system\View\View.php(217): CodeIgniter\View\View->CodeIgniter\View\{closure}()
#3 D:\Program Files\XAMPP\htdocs\bitirmeProjesi\system\Common.php(1097): CodeIgniter\View\View->render('Frontend/AboutV...', Array, true)
#4 D:\Program Files\XAMPP\htdocs\bitirmeProjesi\app\Controllers\Frontend\Home.php(148): view('Frontend/AboutV...', Array)
#5 D:\Program Files\XAMPP\htdocs\bitirmeProjesi\system\CodeIgniter.php(824): App\Controllers\Frontend\Home->about('tr')
#6 D:\Program Files\XAMPP\htdocs\bitirmeProjesi\system\CodeIgniter.php(410): CodeIgniter\CodeIgniter->runController(Object(App\Controllers\Frontend\Home))
#7 D:\Program Files\XAMPP\htdocs\bitirmeProjesi\system\CodeIgniter.php(318): CodeIgniter\CodeIgniter->handleRequest(NULL, Object(Config\Cache), false)
#8 D:\Program Files\XAMPP\htdocs\bitirmeProjesi\index.php(37): CodeIgniter\CodeIgniter->run()
#9 {main}
CRITICAL - 2021-12-25 23:37:08 --> Undefined array key "record"
#0 D:\Program Files\XAMPP\htdocs\bitirmeProjesi\app\Views\Frontend\AboutView.php(21): CodeIgniter\Debug\Exceptions->errorHandler(2, 'Undefined array...', 'D:\\Program File...', 21)
#1 D:\Program Files\XAMPP\htdocs\bitirmeProjesi\system\View\View.php(214): include('D:\\Program File...')
#2 D:\Program Files\XAMPP\htdocs\bitirmeProjesi\system\View\View.php(217): CodeIgniter\View\View->CodeIgniter\View\{closure}()
#3 D:\Program Files\XAMPP\htdocs\bitirmeProjesi\system\Common.php(1097): CodeIgniter\View\View->render('Frontend/AboutV...', Array, true)
#4 D:\Program Files\XAMPP\htdocs\bitirmeProjesi\app\Controllers\Frontend\Home.php(148): view('Frontend/AboutV...', Array)
#5 D:\Program Files\XAMPP\htdocs\bitirmeProjesi\system\CodeIgniter.php(824): App\Controllers\Frontend\Home->about('tr')
#6 D:\Program Files\XAMPP\htdocs\bitirmeProjesi\system\CodeIgniter.php(410): CodeIgniter\CodeIgniter->runController(Object(App\Controllers\Frontend\Home))
#7 D:\Program Files\XAMPP\htdocs\bitirmeProjesi\system\CodeIgniter.php(318): CodeIgniter\CodeIgniter->handleRequest(NULL, Object(Config\Cache), false)
#8 D:\Program Files\XAMPP\htdocs\bitirmeProjesi\index.php(37): CodeIgniter\CodeIgniter->run()
#9 {main}
CRITICAL - 2021-12-25 23:37:10 --> Undefined array key "record"
#0 D:\Program Files\XAMPP\htdocs\bitirmeProjesi\app\Views\Frontend\AboutView.php(21): CodeIgniter\Debug\Exceptions->errorHandler(2, 'Undefined array...', 'D:\\Program File...', 21)
#1 D:\Program Files\XAMPP\htdocs\bitirmeProjesi\system\View\View.php(214): include('D:\\Program File...')
#2 D:\Program Files\XAMPP\htdocs\bitirmeProjesi\system\View\View.php(217): CodeIgniter\View\View->CodeIgniter\View\{closure}()
#3 D:\Program Files\XAMPP\htdocs\bitirmeProjesi\system\Common.php(1097): CodeIgniter\View\View->render('Frontend/AboutV...', Array, true)
#4 D:\Program Files\XAMPP\htdocs\bitirmeProjesi\app\Controllers\Frontend\Home.php(148): view('Frontend/AboutV...', Array)
#5 D:\Program Files\XAMPP\htdocs\bitirmeProjesi\system\CodeIgniter.php(824): App\Controllers\Frontend\Home->about('tr')
#6 D:\Program Files\XAMPP\htdocs\bitirmeProjesi\system\CodeIgniter.php(410): CodeIgniter\CodeIgniter->runController(Object(App\Controllers\Frontend\Home))
#7 D:\Program Files\XAMPP\htdocs\bitirmeProjesi\system\CodeIgniter.php(318): CodeIgniter\CodeIgniter->handleRequest(NULL, Object(Config\Cache), false)
#8 D:\Program Files\XAMPP\htdocs\bitirmeProjesi\index.php(37): CodeIgniter\CodeIgniter->run()
#9 {main}
CRITICAL - 2021-12-25 23:37:11 --> Undefined array key "record"
#0 D:\Program Files\XAMPP\htdocs\bitirmeProjesi\app\Views\Frontend\AboutView.php(21): CodeIgniter\Debug\Exceptions->errorHandler(2, 'Undefined array...', 'D:\\Program File...', 21)
#1 D:\Program Files\XAMPP\htdocs\bitirmeProjesi\system\View\View.php(214): include('D:\\Program File...')
#2 D:\Program Files\XAMPP\htdocs\bitirmeProjesi\system\View\View.php(217): CodeIgniter\View\View->CodeIgniter\View\{closure}()
#3 D:\Program Files\XAMPP\htdocs\bitirmeProjesi\system\Common.php(1097): CodeIgniter\View\View->render('Frontend/AboutV...', Array, true)
#4 D:\Program Files\XAMPP\htdocs\bitirmeProjesi\app\Controllers\Frontend\Home.php(148): view('Frontend/AboutV...', Array)
#5 D:\Program Files\XAMPP\htdocs\bitirmeProjesi\system\CodeIgniter.php(824): App\Controllers\Frontend\Home->about('tr')
#6 D:\Program Files\XAMPP\htdocs\bitirmeProjesi\system\CodeIgniter.php(410): CodeIgniter\CodeIgniter->runController(Object(App\Controllers\Frontend\Home))
#7 D:\Program Files\XAMPP\htdocs\bitirmeProjesi\system\CodeIgniter.php(318): CodeIgniter\CodeIgniter->handleRequest(NULL, Object(Config\Cache), false)
#8 D:\Program Files\XAMPP\htdocs\bitirmeProjesi\index.php(37): CodeIgniter\CodeIgniter->run()
#9 {main}
CRITICAL - 2021-12-25 23:37:31 --> Undefined variable $record
#0 D:\Program Files\XAMPP\htdocs\bitirmeProjesi\app\Views\Frontend\AboutView.php(21): CodeIgniter\Debug\Exceptions->errorHandler(2, 'Undefined varia...', 'D:\\Program File...', 21)
#1 D:\Program Files\XAMPP\htdocs\bitirmeProjesi\system\View\View.php(214): include('D:\\Program File...')
#2 D:\Program Files\XAMPP\htdocs\bitirmeProjesi\system\View\View.php(217): CodeIgniter\View\View->CodeIgniter\View\{closure}()
#3 D:\Program Files\XAMPP\htdocs\bitirmeProjesi\system\Common.php(1097): CodeIgniter\View\View->render('Frontend/AboutV...', Array, true)
#4 D:\Program Files\XAMPP\htdocs\bitirmeProjesi\app\Controllers\Frontend\Home.php(148): view('Frontend/AboutV...', Array)
#5 D:\Program Files\XAMPP\htdocs\bitirmeProjesi\system\CodeIgniter.php(824): App\Controllers\Frontend\Home->about('tr')
#6 D:\Program Files\XAMPP\htdocs\bitirmeProjesi\system\CodeIgniter.php(410): CodeIgniter\CodeIgniter->runController(Object(App\Controllers\Frontend\Home))
#7 D:\Program Files\XAMPP\htdocs\bitirmeProjesi\system\CodeIgniter.php(318): CodeIgniter\CodeIgniter->handleRequest(NULL, Object(Config\Cache), false)
#8 D:\Program Files\XAMPP\htdocs\bitirmeProjesi\index.php(37): CodeIgniter\CodeIgniter->run()
#9 {main}
CRITICAL - 2021-12-25 23:38:04 --> Undefined variable $record
#0 D:\Program Files\XAMPP\htdocs\bitirmeProjesi\app\Views\Frontend\AboutView.php(21): CodeIgniter\Debug\Exceptions->errorHandler(2, 'Undefined varia...', 'D:\\Program File...', 21)
#1 D:\Program Files\XAMPP\htdocs\bitirmeProjesi\system\View\View.php(214): include('D:\\Program File...')
#2 D:\Program Files\XAMPP\htdocs\bitirmeProjesi\system\View\View.php(217): CodeIgniter\View\View->CodeIgniter\View\{closure}()
#3 D:\Program Files\XAMPP\htdocs\bitirmeProjesi\system\Common.php(1097): CodeIgniter\View\View->render('Frontend/AboutV...', Array, true)
#4 D:\Program Files\XAMPP\htdocs\bitirmeProjesi\app\Controllers\Frontend\Home.php(148): view('Frontend/AboutV...', Array)
#5 D:\Program Files\XAMPP\htdocs\bitirmeProjesi\system\CodeIgniter.php(824): App\Controllers\Frontend\Home->about('tr')
#6 D:\Program Files\XAMPP\htdocs\bitirmeProjesi\system\CodeIgniter.php(410): CodeIgniter\CodeIgniter->runController(Object(App\Controllers\Frontend\Home))
#7 D:\Program Files\XAMPP\htdocs\bitirmeProjesi\system\CodeIgniter.php(318): CodeIgniter\CodeIgniter->handleRequest(NULL, Object(Config\Cache), false)
#8 D:\Program Files\XAMPP\htdocs\bitirmeProjesi\index.php(37): CodeIgniter\CodeIgniter->run()
#9 {main}
CRITICAL - 2021-12-25 23:38:57 --> Undefined array key "record"
#0 D:\Program Files\XAMPP\htdocs\bitirmeProjesi\app\Views\Frontend\AboutView.php(21): CodeIgniter\Debug\Exceptions->errorHandler(2, 'Undefined array...', 'D:\\Program File...', 21)
#1 D:\Program Files\XAMPP\htdocs\bitirmeProjesi\system\View\View.php(214): include('D:\\Program File...')
#2 D:\Program Files\XAMPP\htdocs\bitirmeProjesi\system\View\View.php(217): CodeIgniter\View\View->CodeIgniter\View\{closure}()
#3 D:\Program Files\XAMPP\htdocs\bitirmeProjesi\system\Common.php(1097): CodeIgniter\View\View->render('Frontend/AboutV...', Array, true)
#4 D:\Program Files\XAMPP\htdocs\bitirmeProjesi\app\Controllers\Frontend\Home.php(148): view('Frontend/AboutV...', Array)
#5 D:\Program Files\XAMPP\htdocs\bitirmeProjesi\system\CodeIgniter.php(824): App\Controllers\Frontend\Home->about('tr')
#6 D:\Program Files\XAMPP\htdocs\bitirmeProjesi\system\CodeIgniter.php(410): CodeIgniter\CodeIgniter->runController(Object(App\Controllers\Frontend\Home))
#7 D:\Program Files\XAMPP\htdocs\bitirmeProjesi\system\CodeIgniter.php(318): CodeIgniter\CodeIgniter->handleRequest(NULL, Object(Config\Cache), false)
#8 D:\Program Files\XAMPP\htdocs\bitirmeProjesi\index.php(37): CodeIgniter\CodeIgniter->run()
#9 {main}
CRITICAL - 2021-12-25 23:39:08 --> Undefined variable $record
#0 D:\Program Files\XAMPP\htdocs\bitirmeProjesi\app\Views\Frontend\AboutView.php(21): CodeIgniter\Debug\Exceptions->errorHandler(2, 'Undefined varia...', 'D:\\Program File...', 21)
#1 D:\Program Files\XAMPP\htdocs\bitirmeProjesi\system\View\View.php(214): include('D:\\Program File...')
#2 D:\Program Files\XAMPP\htdocs\bitirmeProjesi\system\View\View.php(217): CodeIgniter\View\View->CodeIgniter\View\{closure}()
#3 D:\Program Files\XAMPP\htdocs\bitirmeProjesi\system\Common.php(1097): CodeIgniter\View\View->render('Frontend/AboutV...', Array, true)
#4 D:\Program Files\XAMPP\htdocs\bitirmeProjesi\app\Controllers\Frontend\Home.php(148): view('Frontend/AboutV...', Array)
#5 D:\Program Files\XAMPP\htdocs\bitirmeProjesi\system\CodeIgniter.php(824): App\Controllers\Frontend\Home->about('tr')
#6 D:\Program Files\XAMPP\htdocs\bitirmeProjesi\system\CodeIgniter.php(410): CodeIgniter\CodeIgniter->runController(Object(App\Controllers\Frontend\Home))
#7 D:\Program Files\XAMPP\htdocs\bitirmeProjesi\system\CodeIgniter.php(318): CodeIgniter\CodeIgniter->handleRequest(NULL, Object(Config\Cache), false)
#8 D:\Program Files\XAMPP\htdocs\bitirmeProjesi\index.php(37): CodeIgniter\CodeIgniter->run()
#9 {main}
CRITICAL - 2021-12-25 23:39:10 --> Undefined variable $record
#0 D:\Program Files\XAMPP\htdocs\bitirmeProjesi\app\Views\Frontend\AboutView.php(21): CodeIgniter\Debug\Exceptions->errorHandler(2, 'Undefined varia...', 'D:\\Program File...', 21)
#1 D:\Program Files\XAMPP\htdocs\bitirmeProjesi\system\View\View.php(214): include('D:\\Program File...')
#2 D:\Program Files\XAMPP\htdocs\bitirmeProjesi\system\View\View.php(217): CodeIgniter\View\View->CodeIgniter\View\{closure}()
#3 D:\Program Files\XAMPP\htdocs\bitirmeProjesi\system\Common.php(1097): CodeIgniter\View\View->render('Frontend/AboutV...', Array, true)
#4 D:\Program Files\XAMPP\htdocs\bitirmeProjesi\app\Controllers\Frontend\Home.php(148): view('Frontend/AboutV...', Array)
#5 D:\Program Files\XAMPP\htdocs\bitirmeProjesi\system\CodeIgniter.php(824): App\Controllers\Frontend\Home->about('tr')
#6 D:\Program Files\XAMPP\htdocs\bitirmeProjesi\system\CodeIgniter.php(410): CodeIgniter\CodeIgniter->runController(Object(App\Controllers\Frontend\Home))
#7 D:\Program Files\XAMPP\htdocs\bitirmeProjesi\system\CodeIgniter.php(318): CodeIgniter\CodeIgniter->handleRequest(NULL, Object(Config\Cache), false)
#8 D:\Program Files\XAMPP\htdocs\bitirmeProjesi\index.php(37): CodeIgniter\CodeIgniter->run()
#9 {main}
CRITICAL - 2021-12-25 23:39:36 --> Undefined variable $record
#0 D:\Program Files\XAMPP\htdocs\bitirmeProjesi\app\Views\Frontend\AboutView.php(21): CodeIgniter\Debug\Exceptions->errorHandler(2, 'Undefined varia...', 'D:\\Program File...', 21)
#1 D:\Program Files\XAMPP\htdocs\bitirmeProjesi\system\View\View.php(214): include('D:\\Program File...')
#2 D:\Program Files\XAMPP\htdocs\bitirmeProjesi\system\View\View.php(217): CodeIgniter\View\View->CodeIgniter\View\{closure}()
#3 D:\Program Files\XAMPP\htdocs\bitirmeProjesi\system\Common.php(1097): CodeIgniter\View\View->render('Frontend/AboutV...', Array, true)
#4 D:\Program Files\XAMPP\htdocs\bitirmeProjesi\app\Controllers\Frontend\Home.php(148): view('Frontend/AboutV...', Array)
#5 D:\Program Files\XAMPP\htdocs\bitirmeProjesi\system\CodeIgniter.php(824): App\Controllers\Frontend\Home->about('tr')
#6 D:\Program Files\XAMPP\htdocs\bitirmeProjesi\system\CodeIgniter.php(410): CodeIgniter\CodeIgniter->runController(Object(App\Controllers\Frontend\Home))
#7 D:\Program Files\XAMPP\htdocs\bitirmeProjesi\system\CodeIgniter.php(318): CodeIgniter\CodeIgniter->handleRequest(NULL, Object(Config\Cache), false)
#8 D:\Program Files\XAMPP\htdocs\bitirmeProjesi\index.php(37): CodeIgniter\CodeIgniter->run()
#9 {main}
CRITICAL - 2021-12-25 23:39:39 --> Undefined variable $record
#0 D:\Program Files\XAMPP\htdocs\bitirmeProjesi\app\Views\Frontend\AboutView.php(21): CodeIgniter\Debug\Exceptions->errorHandler(2, 'Undefined varia...', 'D:\\Program File...', 21)
#1 D:\Program Files\XAMPP\htdocs\bitirmeProjesi\system\View\View.php(214): include('D:\\Program File...')
#2 D:\Program Files\XAMPP\htdocs\bitirmeProjesi\system\View\View.php(217): CodeIgniter\View\View->CodeIgniter\View\{closure}()
#3 D:\Program Files\XAMPP\htdocs\bitirmeProjesi\system\Common.php(1097): CodeIgniter\View\View->render('Frontend/AboutV...', Array, true)
#4 D:\Program Files\XAMPP\htdocs\bitirmeProjesi\app\Controllers\Frontend\Home.php(148): view('Frontend/AboutV...', Array)
#5 D:\Program Files\XAMPP\htdocs\bitirmeProjesi\system\CodeIgniter.php(824): App\Controllers\Frontend\Home->about('tr')
#6 D:\Program Files\XAMPP\htdocs\bitirmeProjesi\system\CodeIgniter.php(410): CodeIgniter\CodeIgniter->runController(Object(App\Controllers\Frontend\Home))
#7 D:\Program Files\XAMPP\htdocs\bitirmeProjesi\system\CodeIgniter.php(318): CodeIgniter\CodeIgniter->handleRequest(NULL, Object(Config\Cache), false)
#8 D:\Program Files\XAMPP\htdocs\bitirmeProjesi\index.php(37): CodeIgniter\CodeIgniter->run()
#9 {main}
CRITICAL - 2021-12-25 23:39:54 --> Undefined variable $record
#0 D:\Program Files\XAMPP\htdocs\bitirmeProjesi\app\Views\Frontend\AboutView.php(21): CodeIgniter\Debug\Exceptions->errorHandler(2, 'Undefined varia...', 'D:\\Program File...', 21)
#1 D:\Program Files\XAMPP\htdocs\bitirmeProjesi\system\View\View.php(214): include('D:\\Program File...')
#2 D:\Program Files\XAMPP\htdocs\bitirmeProjesi\system\View\View.php(217): CodeIgniter\View\View->CodeIgniter\View\{closure}()
#3 D:\Program Files\XAMPP\htdocs\bitirmeProjesi\system\Common.php(1097): CodeIgniter\View\View->render('Frontend/AboutV...', Array, true)
#4 D:\Program Files\XAMPP\htdocs\bitirmeProjesi\app\Controllers\Frontend\Home.php(148): view('Frontend/AboutV...', Array)
#5 D:\Program Files\XAMPP\htdocs\bitirmeProjesi\system\CodeIgniter.php(824): App\Controllers\Frontend\Home->about('tr')
#6 D:\Program Files\XAMPP\htdocs\bitirmeProjesi\system\CodeIgniter.php(410): CodeIgniter\CodeIgniter->runController(Object(App\Controllers\Frontend\Home))
#7 D:\Program Files\XAMPP\htdocs\bitirmeProjesi\system\CodeIgniter.php(318): CodeIgniter\CodeIgniter->handleRequest(NULL, Object(Config\Cache), false)
#8 D:\Program Files\XAMPP\htdocs\bitirmeProjesi\index.php(37): CodeIgniter\CodeIgniter->run()
#9 {main}
CRITICAL - 2021-12-25 23:42:02 --> Undefined variable $record
#0 D:\Program Files\XAMPP\htdocs\bitirmeProjesi\app\Views\Frontend\AboutView.php(21): CodeIgniter\Debug\Exceptions->errorHandler(2, 'Undefined varia...', 'D:\\Program File...', 21)
#1 D:\Program Files\XAMPP\htdocs\bitirmeProjesi\system\View\View.php(214): include('D:\\Program File...')
#2 D:\Program Files\XAMPP\htdocs\bitirmeProjesi\system\View\View.php(217): CodeIgniter\View\View->CodeIgniter\View\{closure}()
#3 D:\Program Files\XAMPP\htdocs\bitirmeProjesi\system\Common.php(1097): CodeIgniter\View\View->render('Frontend/AboutV...', Array, true)
#4 D:\Program Files\XAMPP\htdocs\bitirmeProjesi\app\Controllers\Frontend\Home.php(151): view('Frontend/AboutV...', Array)
#5 D:\Program Files\XAMPP\htdocs\bitirmeProjesi\system\CodeIgniter.php(824): App\Controllers\Frontend\Home->about('tr')
#6 D:\Program Files\XAMPP\htdocs\bitirmeProjesi\system\CodeIgniter.php(410): CodeIgniter\CodeIgniter->runController(Object(App\Controllers\Frontend\Home))
#7 D:\Program Files\XAMPP\htdocs\bitirmeProjesi\system\CodeIgniter.php(318): CodeIgniter\CodeIgniter->handleRequest(NULL, Object(Config\Cache), false)
#8 D:\Program Files\XAMPP\htdocs\bitirmeProjesi\index.php(37): CodeIgniter\CodeIgniter->run()
#9 {main}
CRITICAL - 2021-12-25 23:42:04 --> Undefined variable $record
#0 D:\Program Files\XAMPP\htdocs\bitirmeProjesi\app\Views\Frontend\AboutView.php(21): CodeIgniter\Debug\Exceptions->errorHandler(2, 'Undefined varia...', 'D:\\Program File...', 21)
#1 D:\Program Files\XAMPP\htdocs\bitirmeProjesi\system\View\View.php(214): include('D:\\Program File...')
#2 D:\Program Files\XAMPP\htdocs\bitirmeProjesi\system\View\View.php(217): CodeIgniter\View\View->CodeIgniter\View\{closure}()
#3 D:\Program Files\XAMPP\htdocs\bitirmeProjesi\system\Common.php(1097): CodeIgniter\View\View->render('Frontend/AboutV...', Array, true)
#4 D:\Program Files\XAMPP\htdocs\bitirmeProjesi\app\Controllers\Frontend\Home.php(151): view('Frontend/AboutV...', Array)
#5 D:\Program Files\XAMPP\htdocs\bitirmeProjesi\system\CodeIgniter.php(824): App\Controllers\Frontend\Home->about('tr')
#6 D:\Program Files\XAMPP\htdocs\bitirmeProjesi\system\CodeIgniter.php(410): CodeIgniter\CodeIgniter->runController(Object(App\Controllers\Frontend\Home))
#7 D:\Program Files\XAMPP\htdocs\bitirmeProjesi\system\CodeIgniter.php(318): CodeIgniter\CodeIgniter->handleRequest(NULL, Object(Config\Cache), false)
#8 D:\Program Files\XAMPP\htdocs\bitirmeProjesi\index.php(37): CodeIgniter\CodeIgniter->run()
#9 {main}
CRITICAL - 2021-12-25 23:43:48 --> Undefined array key "hakkimizda_misyon"
#0 D:\Program Files\XAMPP\htdocs\bitirmeProjesi\app\Views\Frontend\AboutView.php(53): CodeIgniter\Debug\Exceptions->errorHandler(2, 'Undefined array...', 'D:\\Program File...', 53)
#1 D:\Program Files\XAMPP\htdocs\bitirmeProjesi\system\View\View.php(214): include('D:\\Program File...')
#2 D:\Program Files\XAMPP\htdocs\bitirmeProjesi\system\View\View.php(217): CodeIgniter\View\View->CodeIgniter\View\{closure}()
#3 D:\Program Files\XAMPP\htdocs\bitirmeProjesi\system\Common.php(1097): CodeIgniter\View\View->render('Frontend/AboutV...', Array, true)
#4 D:\Program Files\XAMPP\htdocs\bitirmeProjesi\app\Controllers\Frontend\Home.php(151): view('Frontend/AboutV...', Array)
#5 D:\Program Files\XAMPP\htdocs\bitirmeProjesi\system\CodeIgniter.php(824): App\Controllers\Frontend\Home->about('tr')
#6 D:\Program Files\XAMPP\htdocs\bitirmeProjesi\system\CodeIgniter.php(410): CodeIgniter\CodeIgniter->runController(Object(App\Controllers\Frontend\Home))
#7 D:\Program Files\XAMPP\htdocs\bitirmeProjesi\system\CodeIgniter.php(318): CodeIgniter\CodeIgniter->handleRequest(NULL, Object(Config\Cache), false)
#8 D:\Program Files\XAMPP\htdocs\bitirmeProjesi\index.php(37): CodeIgniter\CodeIgniter->run()
#9 {main}
CRITICAL - 2021-12-25 23:43:56 --> Undefined variable $record
#0 D:\Program Files\XAMPP\htdocs\bitirmeProjesi\app\Views\Frontend\AboutView.php(53): CodeIgniter\Debug\Exceptions->errorHandler(2, 'Undefined varia...', 'D:\\Program File...', 53)
#1 D:\Program Files\XAMPP\htdocs\bitirmeProjesi\system\View\View.php(214): include('D:\\Program File...')
#2 D:\Program Files\XAMPP\htdocs\bitirmeProjesi\system\View\View.php(217): CodeIgniter\View\View->CodeIgniter\View\{closure}()
#3 D:\Program Files\XAMPP\htdocs\bitirmeProjesi\system\Common.php(1097): CodeIgniter\View\View->render('Frontend/AboutV...', Array, true)
#4 D:\Program Files\XAMPP\htdocs\bitirmeProjesi\app\Controllers\Frontend\Home.php(151): view('Frontend/AboutV...', Array)
#5 D:\Program Files\XAMPP\htdocs\bitirmeProjesi\system\CodeIgniter.php(824): App\Controllers\Frontend\Home->about('tr')
#6 D:\Program Files\XAMPP\htdocs\bitirmeProjesi\system\CodeIgniter.php(410): CodeIgniter\CodeIgniter->runController(Object(App\Controllers\Frontend\Home))
#7 D:\Program Files\XAMPP\htdocs\bitirmeProjesi\system\CodeIgniter.php(318): CodeIgniter\CodeIgniter->handleRequest(NULL, Object(Config\Cache), false)
#8 D:\Program Files\XAMPP\htdocs\bitirmeProjesi\index.php(37): CodeIgniter\CodeIgniter->run()
#9 {main}
CRITICAL - 2021-12-25 23:44:18 --> syntax error, unexpected token "=>", expecting ")"
#0 D:\Program Files\XAMPP\htdocs\bitirmeProjesi\system\View\View.php(217): CodeIgniter\View\View->CodeIgniter\View\{closure}()
#1 D:\Program Files\XAMPP\htdocs\bitirmeProjesi\system\Common.php(1097): CodeIgniter\View\View->render('Frontend/AboutV...', Array, true)
#2 D:\Program Files\XAMPP\htdocs\bitirmeProjesi\app\Controllers\Frontend\Home.php(151): view('Frontend/AboutV...', Array)
#3 D:\Program Files\XAMPP\htdocs\bitirmeProjesi\system\CodeIgniter.php(824): App\Controllers\Frontend\Home->about('tr')
#4 D:\Program Files\XAMPP\htdocs\bitirmeProjesi\system\CodeIgniter.php(410): CodeIgniter\CodeIgniter->runController(Object(App\Controllers\Frontend\Home))
#5 D:\Program Files\XAMPP\htdocs\bitirmeProjesi\system\CodeIgniter.php(318): CodeIgniter\CodeIgniter->handleRequest(NULL, Object(Config\Cache), false)
#6 D:\Program Files\XAMPP\htdocs\bitirmeProjesi\index.php(37): CodeIgniter\CodeIgniter->run()
#7 {main}
CRITICAL - 2021-12-25 23:45:08 --> syntax error, unexpected single-quoted string "hakkimizda_misyon", expecting identifier or variable or "{" or "$"
#0 D:\Program Files\XAMPP\htdocs\bitirmeProjesi\system\View\View.php(217): CodeIgniter\View\View->CodeIgniter\View\{closure}()
#1 D:\Program Files\XAMPP\htdocs\bitirmeProjesi\system\Common.php(1097): CodeIgniter\View\View->render('Frontend/AboutV...', Array, true)
#2 D:\Program Files\XAMPP\htdocs\bitirmeProjesi\app\Controllers\Frontend\Home.php(151): view('Frontend/AboutV...', Array)
#3 D:\Program Files\XAMPP\htdocs\bitirmeProjesi\system\CodeIgniter.php(824): App\Controllers\Frontend\Home->about('tr')
#4 D:\Program Files\XAMPP\htdocs\bitirmeProjesi\system\CodeIgniter.php(410): CodeIgniter\CodeIgniter->runController(Object(App\Controllers\Frontend\Home))
#5 D:\Program Files\XAMPP\htdocs\bitirmeProjesi\system\CodeIgniter.php(318): CodeIgniter\CodeIgniter->handleRequest(NULL, Object(Config\Cache), false)
#6 D:\Program Files\XAMPP\htdocs\bitirmeProjesi\index.php(37): CodeIgniter\CodeIgniter->run()
#7 {main}
CRITICAL - 2021-12-25 23:45:21 --> Attempt to read property "hakkimizda_misyon" on array
#0 D:\Program Files\XAMPP\htdocs\bitirmeProjesi\app\Views\Frontend\AboutView.php(53): CodeIgniter\Debug\Exceptions->errorHandler(2, 'Attempt to read...', 'D:\\Program File...', 53)
#1 D:\Program Files\XAMPP\htdocs\bitirmeProjesi\system\View\View.php(214): include('D:\\Program File...')
#2 D:\Program Files\XAMPP\htdocs\bitirmeProjesi\system\View\View.php(217): CodeIgniter\View\View->CodeIgniter\View\{closure}()
#3 D:\Program Files\XAMPP\htdocs\bitirmeProjesi\system\Common.php(1097): CodeIgniter\View\View->render('Frontend/AboutV...', Array, true)
#4 D:\Program Files\XAMPP\htdocs\bitirmeProjesi\app\Controllers\Frontend\Home.php(151): view('Frontend/AboutV...', Array)
#5 D:\Program Files\XAMPP\htdocs\bitirmeProjesi\system\CodeIgniter.php(824): App\Controllers\Frontend\Home->about('tr')
#6 D:\Program Files\XAMPP\htdocs\bitirmeProjesi\system\CodeIgniter.php(410): CodeIgniter\CodeIgniter->runController(Object(App\Controllers\Frontend\Home))
#7 D:\Program Files\XAMPP\htdocs\bitirmeProjesi\system\CodeIgniter.php(318): CodeIgniter\CodeIgniter->handleRequest(NULL, Object(Config\Cache), false)
#8 D:\Program Files\XAMPP\htdocs\bitirmeProjesi\index.php(37): CodeIgniter\CodeIgniter->run()
#9 {main}
CRITICAL - 2021-12-25 23:45:22 --> Attempt to read property "hakkimizda_misyon" on array
#0 D:\Program Files\XAMPP\htdocs\bitirmeProjesi\app\Views\Frontend\AboutView.php(53): CodeIgniter\Debug\Exceptions->errorHandler(2, 'Attempt to read...', 'D:\\Program File...', 53)
#1 D:\Program Files\XAMPP\htdocs\bitirmeProjesi\system\View\View.php(214): include('D:\\Program File...')
#2 D:\Program Files\XAMPP\htdocs\bitirmeProjesi\system\View\View.php(217): CodeIgniter\View\View->CodeIgniter\View\{closure}()
#3 D:\Program Files\XAMPP\htdocs\bitirmeProjesi\system\Common.php(1097): CodeIgniter\View\View->render('Frontend/AboutV...', Array, true)
#4 D:\Program Files\XAMPP\htdocs\bitirmeProjesi\app\Controllers\Frontend\Home.php(151): view('Frontend/AboutV...', Array)
#5 D:\Program Files\XAMPP\htdocs\bitirmeProjesi\system\CodeIgniter.php(824): App\Controllers\Frontend\Home->about('tr')
#6 D:\Program Files\XAMPP\htdocs\bitirmeProjesi\system\CodeIgniter.php(410): CodeIgniter\CodeIgniter->runController(Object(App\Controllers\Frontend\Home))
#7 D:\Program Files\XAMPP\htdocs\bitirmeProjesi\system\CodeIgniter.php(318): CodeIgniter\CodeIgniter->handleRequest(NULL, Object(Config\Cache), false)
#8 D:\Program Files\XAMPP\htdocs\bitirmeProjesi\index.php(37): CodeIgniter\CodeIgniter->run()
#9 {main}
CRITICAL - 2021-12-25 23:45:48 --> Undefined array key "hakkimizda_misyon"
#0 D:\Program Files\XAMPP\htdocs\bitirmeProjesi\app\Views\Frontend\AboutView.php(53): CodeIgniter\Debug\Exceptions->errorHandler(2, 'Undefined array...', 'D:\\Program File...', 53)
#1 D:\Program Files\XAMPP\htdocs\bitirmeProjesi\system\View\View.php(214): include('D:\\Program File...')
#2 D:\Program Files\XAMPP\htdocs\bitirmeProjesi\system\View\View.php(217): CodeIgniter\View\View->CodeIgniter\View\{closure}()
#3 D:\Program Files\XAMPP\htdocs\bitirmeProjesi\system\Common.php(1097): CodeIgniter\View\View->render('Frontend/AboutV...', Array, true)
#4 D:\Program Files\XAMPP\htdocs\bitirmeProjesi\app\Controllers\Frontend\Home.php(151): view('Frontend/AboutV...', Array)
#5 D:\Program Files\XAMPP\htdocs\bitirmeProjesi\system\CodeIgniter.php(824): App\Controllers\Frontend\Home->about('tr')
#6 D:\Program Files\XAMPP\htdocs\bitirmeProjesi\system\CodeIgniter.php(410): CodeIgniter\CodeIgniter->runController(Object(App\Controllers\Frontend\Home))
#7 D:\Program Files\XAMPP\htdocs\bitirmeProjesi\system\CodeIgniter.php(318): CodeIgniter\CodeIgniter->handleRequest(NULL, Object(Config\Cache), false)
#8 D:\Program Files\XAMPP\htdocs\bitirmeProjesi\index.php(37): CodeIgniter\CodeIgniter->run()
#9 {main}
CRITICAL - 2021-12-25 23:45:49 --> Undefined array key "hakkimizda_misyon"
#0 D:\Program Files\XAMPP\htdocs\bitirmeProjesi\app\Views\Frontend\AboutView.php(53): CodeIgniter\Debug\Exceptions->errorHandler(2, 'Undefined array...', 'D:\\Program File...', 53)
#1 D:\Program Files\XAMPP\htdocs\bitirmeProjesi\system\View\View.php(214): include('D:\\Program File...')
#2 D:\Program Files\XAMPP\htdocs\bitirmeProjesi\system\View\View.php(217): CodeIgniter\View\View->CodeIgniter\View\{closure}()
#3 D:\Program Files\XAMPP\htdocs\bitirmeProjesi\system\Common.php(1097): CodeIgniter\View\View->render('Frontend/AboutV...', Array, true)
#4 D:\Program Files\XAMPP\htdocs\bitirmeProjesi\app\Controllers\Frontend\Home.php(151): view('Frontend/AboutV...', Array)
#5 D:\Program Files\XAMPP\htdocs\bitirmeProjesi\system\CodeIgniter.php(824): App\Controllers\Frontend\Home->about('tr')
#6 D:\Program Files\XAMPP\htdocs\bitirmeProjesi\system\CodeIgniter.php(410): CodeIgniter\CodeIgniter->runController(Object(App\Controllers\Frontend\Home))
#7 D:\Program Files\XAMPP\htdocs\bitirmeProjesi\system\CodeIgniter.php(318): CodeIgniter\CodeIgniter->handleRequest(NULL, Object(Config\Cache), false)
#8 D:\Program Files\XAMPP\htdocs\bitirmeProjesi\index.php(37): CodeIgniter\CodeIgniter->run()
#9 {main}
CRITICAL - 2021-12-25 23:45:58 --> Undefined array key "hakkimizda_misyon"
#0 D:\Program Files\XAMPP\htdocs\bitirmeProjesi\app\Views\Frontend\AboutView.php(53): CodeIgniter\Debug\Exceptions->errorHandler(2, 'Undefined array...', 'D:\\Program File...', 53)
#1 D:\Program Files\XAMPP\htdocs\bitirmeProjesi\system\View\View.php(214): include('D:\\Program File...')
#2 D:\Program Files\XAMPP\htdocs\bitirmeProjesi\system\View\View.php(217): CodeIgniter\View\View->CodeIgniter\View\{closure}()
#3 D:\Program Files\XAMPP\htdocs\bitirmeProjesi\system\Common.php(1097): CodeIgniter\View\View->render('Frontend/AboutV...', Array, true)
#4 D:\Program Files\XAMPP\htdocs\bitirmeProjesi\app\Controllers\Frontend\Home.php(151): view('Frontend/AboutV...', Array)
#5 D:\Program Files\XAMPP\htdocs\bitirmeProjesi\system\CodeIgniter.php(824): App\Controllers\Frontend\Home->about('tr')
#6 D:\Program Files\XAMPP\htdocs\bitirmeProjesi\system\CodeIgniter.php(410): CodeIgniter\CodeIgniter->runController(Object(App\Controllers\Frontend\Home))
#7 D:\Program Files\XAMPP\htdocs\bitirmeProjesi\system\CodeIgniter.php(318): CodeIgniter\CodeIgniter->handleRequest(NULL, Object(Config\Cache), false)
#8 D:\Program Files\XAMPP\htdocs\bitirmeProjesi\index.php(37): CodeIgniter\CodeIgniter->run()
#9 {main}
CRITICAL - 2021-12-25 23:46:24 --> syntax error, unexpected token "[", expecting identifier or variable or "{" or "$"
#0 D:\Program Files\XAMPP\htdocs\bitirmeProjesi\system\View\View.php(217): CodeIgniter\View\View->CodeIgniter\View\{closure}()
#1 D:\Program Files\XAMPP\htdocs\bitirmeProjesi\system\Common.php(1097): CodeIgniter\View\View->render('Frontend/AboutV...', Array, true)
#2 D:\Program Files\XAMPP\htdocs\bitirmeProjesi\app\Controllers\Frontend\Home.php(151): view('Frontend/AboutV...', Array)
#3 D:\Program Files\XAMPP\htdocs\bitirmeProjesi\system\CodeIgniter.php(824): App\Controllers\Frontend\Home->about('tr')
#4 D:\Program Files\XAMPP\htdocs\bitirmeProjesi\system\CodeIgniter.php(410): CodeIgniter\CodeIgniter->runController(Object(App\Controllers\Frontend\Home))
#5 D:\Program Files\XAMPP\htdocs\bitirmeProjesi\system\CodeIgniter.php(318): CodeIgniter\CodeIgniter->handleRequest(NULL, Object(Config\Cache), false)
#6 D:\Program Files\XAMPP\htdocs\bitirmeProjesi\index.php(37): CodeIgniter\CodeIgniter->run()
#7 {main}
CRITICAL - 2021-12-25 23:46:25 --> syntax error, unexpected token "[", expecting identifier or variable or "{" or "$"
#0 D:\Program Files\XAMPP\htdocs\bitirmeProjesi\system\View\View.php(217): CodeIgniter\View\View->CodeIgniter\View\{closure}()
#1 D:\Program Files\XAMPP\htdocs\bitirmeProjesi\system\Common.php(1097): CodeIgniter\View\View->render('Frontend/AboutV...', Array, true)
#2 D:\Program Files\XAMPP\htdocs\bitirmeProjesi\app\Controllers\Frontend\Home.php(151): view('Frontend/AboutV...', Array)
#3 D:\Program Files\XAMPP\htdocs\bitirmeProjesi\system\CodeIgniter.php(824): App\Controllers\Frontend\Home->about('tr')
#4 D:\Program Files\XAMPP\htdocs\bitirmeProjesi\system\CodeIgniter.php(410): CodeIgniter\CodeIgniter->runController(Object(App\Controllers\Frontend\Home))
#5 D:\Program Files\XAMPP\htdocs\bitirmeProjesi\system\CodeIgniter.php(318): CodeIgniter\CodeIgniter->handleRequest(NULL, Object(Config\Cache), false)
#6 D:\Program Files\XAMPP\htdocs\bitirmeProjesi\index.php(37): CodeIgniter\CodeIgniter->run()
#7 {main}
CRITICAL - 2021-12-25 23:47:32 --> Undefined variable $record
#0 D:\Program Files\XAMPP\htdocs\bitirmeProjesi\app\Views\Frontend\AboutView.php(53): CodeIgniter\Debug\Exceptions->errorHandler(2, 'Undefined varia...', 'D:\\Program File...', 53)
#1 D:\Program Files\XAMPP\htdocs\bitirmeProjesi\system\View\View.php(214): include('D:\\Program File...')
#2 D:\Program Files\XAMPP\htdocs\bitirmeProjesi\system\View\View.php(217): CodeIgniter\View\View->CodeIgniter\View\{closure}()
#3 D:\Program Files\XAMPP\htdocs\bitirmeProjesi\system\Common.php(1097): CodeIgniter\View\View->render('Frontend/AboutV...', Array, true)
#4 D:\Program Files\XAMPP\htdocs\bitirmeProjesi\app\Controllers\Frontend\Home.php(151): view('Frontend/AboutV...', Array)
#5 D:\Program Files\XAMPP\htdocs\bitirmeProjesi\system\CodeIgniter.php(824): App\Controllers\Frontend\Home->about('tr')
#6 D:\Program Files\XAMPP\htdocs\bitirmeProjesi\system\CodeIgniter.php(410): CodeIgniter\CodeIgniter->runController(Object(App\Controllers\Frontend\Home))
#7 D:\Program Files\XAMPP\htdocs\bitirmeProjesi\system\CodeIgniter.php(318): CodeIgniter\CodeIgniter->handleRequest(NULL, Object(Config\Cache), false)
#8 D:\Program Files\XAMPP\htdocs\bitirmeProjesi\index.php(37): CodeIgniter\CodeIgniter->run()
#9 {main}
CRITICAL - 2021-12-25 23:47:33 --> Undefined variable $record
#0 D:\Program Files\XAMPP\htdocs\bitirmeProjesi\app\Views\Frontend\AboutView.php(53): CodeIgniter\Debug\Exceptions->errorHandler(2, 'Undefined varia...', 'D:\\Program File...', 53)
#1 D:\Program Files\XAMPP\htdocs\bitirmeProjesi\system\View\View.php(214): include('D:\\Program File...')
#2 D:\Program Files\XAMPP\htdocs\bitirmeProjesi\system\View\View.php(217): CodeIgniter\View\View->CodeIgniter\View\{closure}()
#3 D:\Program Files\XAMPP\htdocs\bitirmeProjesi\system\Common.php(1097): CodeIgniter\View\View->render('Frontend/AboutV...', Array, true)
#4 D:\Program Files\XAMPP\htdocs\bitirmeProjesi\app\Controllers\Frontend\Home.php(151): view('Frontend/AboutV...', Array)
#5 D:\Program Files\XAMPP\htdocs\bitirmeProjesi\system\CodeIgniter.php(824): App\Controllers\Frontend\Home->about('tr')
#6 D:\Program Files\XAMPP\htdocs\bitirmeProjesi\system\CodeIgniter.php(410): CodeIgniter\CodeIgniter->runController(Object(App\Controllers\Frontend\Home))
#7 D:\Program Files\XAMPP\htdocs\bitirmeProjesi\system\CodeIgniter.php(318): CodeIgniter\CodeIgniter->handleRequest(NULL, Object(Config\Cache), false)
#8 D:\Program Files\XAMPP\htdocs\bitirmeProjesi\index.php(37): CodeIgniter\CodeIgniter->run()
#9 {main}
CRITICAL - 2021-12-25 23:48:09 --> Undefined variable $record
#0 D:\Program Files\XAMPP\htdocs\bitirmeProjesi\app\Views\Frontend\AboutView.php(44): CodeIgniter\Debug\Exceptions->errorHandler(2, 'Undefined varia...', 'D:\\Program File...', 44)
#1 D:\Program Files\XAMPP\htdocs\bitirmeProjesi\system\View\View.php(214): include('D:\\Program File...')
#2 D:\Program Files\XAMPP\htdocs\bitirmeProjesi\system\View\View.php(217): CodeIgniter\View\View->CodeIgniter\View\{closure}()
#3 D:\Program Files\XAMPP\htdocs\bitirmeProjesi\system\Common.php(1097): CodeIgniter\View\View->render('Frontend/AboutV...', Array, true)
#4 D:\Program Files\XAMPP\htdocs\bitirmeProjesi\app\Controllers\Frontend\Home.php(151): view('Frontend/AboutV...', Array)
#5 D:\Program Files\XAMPP\htdocs\bitirmeProjesi\system\CodeIgniter.php(824): App\Controllers\Frontend\Home->about('tr')
#6 D:\Program Files\XAMPP\htdocs\bitirmeProjesi\system\CodeIgniter.php(410): CodeIgniter\CodeIgniter->runController(Object(App\Controllers\Frontend\Home))
#7 D:\Program Files\XAMPP\htdocs\bitirmeProjesi\system\CodeIgniter.php(318): CodeIgniter\CodeIgniter->handleRequest(NULL, Object(Config\Cache), false)
#8 D:\Program Files\XAMPP\htdocs\bitirmeProjesi\index.php(37): CodeIgniter\CodeIgniter->run()
#9 {main}
CRITICAL - 2021-12-25 23:52:24 --> Undefined property: App\Controllers\Backend\Hakkimizda::$hakkimzdaModel
#0 D:\Program Files\XAMPP\htdocs\bitirmeProjesi\app\Controllers\Backend\Hakkimizda.php(56): CodeIgniter\Debug\Exceptions->errorHandler(2, 'Undefined prope...', 'D:\\Program File...', 56)
#1 D:\Program Files\XAMPP\htdocs\bitirmeProjesi\system\CodeIgniter.php(824): App\Controllers\Backend\Hakkimizda->hakkimizdaDuzenle()
#2 D:\Program Files\XAMPP\htdocs\bitirmeProjesi\system\CodeIgniter.php(410): CodeIgniter\CodeIgniter->runController(Object(App\Controllers\Backend\Hakkimizda))
#3 D:\Program Files\XAMPP\htdocs\bitirmeProjesi\system\CodeIgniter.php(318): CodeIgniter\CodeIgniter->handleRequest(NULL, Object(Config\Cache), false)
#4 D:\Program Files\XAMPP\htdocs\bitirmeProjesi\index.php(37): CodeIgniter\CodeIgniter->run()
#5 {main}
CRITICAL - 2021-12-25 23:52:48 --> Undefined property: App\Controllers\Backend\Hakkimizda::$hakkimzdaModel
#0 D:\Program Files\XAMPP\htdocs\bitirmeProjesi\app\Controllers\Backend\Hakkimizda.php(56): CodeIgniter\Debug\Exceptions->errorHandler(2, 'Undefined prope...', 'D:\\Program File...', 56)
#1 D:\Program Files\XAMPP\htdocs\bitirmeProjesi\system\CodeIgniter.php(824): App\Controllers\Backend\Hakkimizda->hakkimizdaDuzenle()
#2 D:\Program Files\XAMPP\htdocs\bitirmeProjesi\system\CodeIgniter.php(410): CodeIgniter\CodeIgniter->runController(Object(App\Controllers\Backend\Hakkimizda))
#3 D:\Program Files\XAMPP\htdocs\bitirmeProjesi\system\CodeIgniter.php(318): CodeIgniter\CodeIgniter->handleRequest(NULL, Object(Config\Cache), false)
#4 D:\Program Files\XAMPP\htdocs\bitirmeProjesi\index.php(37): CodeIgniter\CodeIgniter->run()
#5 {main}
