CRITICAL - 2021-12-24 13:27:37 --> unlink(D:\Program Files\XAMPP\htdocs\bitirmeProjesi\writable\debugbar/debugbar_1640131786.json): No such file or directory
#0 [internal function]: CodeIgniter\Debug\Exceptions->errorHandler(2, 'unlink(D:\\Progr...', 'D:\\Program File...', 74)
#1 D:\Program Files\XAMPP\htdocs\bitirmeProjesi\system\Debug\Toolbar\Collectors\History.php(74): unlink('D:\\Program File...')
#2 D:\Program Files\XAMPP\htdocs\bitirmeProjesi\system\Debug\Toolbar.php(483): CodeIgniter\Debug\Toolbar\Collectors\History->setFiles(1640341655, 20)
#3 D:\Program Files\XAMPP\htdocs\bitirmeProjesi\system\Debug\Toolbar.php(460): CodeIgniter\Debug\Toolbar->format(Array, 'html')
#4 D:\Program Files\XAMPP\htdocs\bitirmeProjesi\app\Config\Events.php(48): CodeIgniter\Debug\Toolbar->respond()
#5 D:\Program Files\XAMPP\htdocs\bitirmeProjesi\system\Events\Events.php(149): CodeIgniter\Events\Events::Config\{closure}()
#6 D:\Program Files\XAMPP\htdocs\bitirmeProjesi\system\CodeIgniter.php(300): CodeIgniter\Events\Events::trigger('pre_system')
#7 D:\Program Files\XAMPP\htdocs\bitirmeProjesi\index.php(37): CodeIgniter\CodeIgniter->run()
#8 {main}
CRITICAL - 2021-12-24 21:51:42 --> Undefined property: stdClass::$yazi_foto
#0 D:\Program Files\XAMPP\htdocs\bitirmeProjesi\app\Views\Backend\YaziView.php(73): CodeIgniter\Debug\Exceptions->errorHandler(2, 'Undefined prope...', 'D:\\Program File...', 73)
#1 D:\Program Files\XAMPP\htdocs\bitirmeProjesi\system\View\View.php(214): include('D:\\Program File...')
#2 D:\Program Files\XAMPP\htdocs\bitirmeProjesi\system\View\View.php(217): CodeIgniter\View\View->CodeIgniter\View\{closure}()
#3 D:\Program Files\XAMPP\htdocs\bitirmeProjesi\system\Common.php(1097): CodeIgniter\View\View->render('Backend/YaziVie...', Array, true)
#4 D:\Program Files\XAMPP\htdocs\bitirmeProjesi\app\Controllers\Backend\Yazi.php(28): view('Backend/YaziVie...', Array)
#5 D:\Program Files\XAMPP\htdocs\bitirmeProjesi\system\CodeIgniter.php(824): App\Controllers\Backend\Yazi->index()
#6 D:\Program Files\XAMPP\htdocs\bitirmeProjesi\system\CodeIgniter.php(410): CodeIgniter\CodeIgniter->runController(Object(App\Controllers\Backend\Yazi))
#7 D:\Program Files\XAMPP\htdocs\bitirmeProjesi\system\CodeIgniter.php(318): CodeIgniter\CodeIgniter->handleRequest(NULL, Object(Config\Cache), false)
#8 D:\Program Files\XAMPP\htdocs\bitirmeProjesi\index.php(37): CodeIgniter\CodeIgniter->run()
#9 {main}
CRITICAL - 2021-12-24 22:09:58 --> Call to a member function getName() on null
#0 D:\Program Files\XAMPP\htdocs\bitirmeProjesi\system\CodeIgniter.php(824): App\Controllers\Backend\Duyurular->duyuruEkle()
#1 D:\Program Files\XAMPP\htdocs\bitirmeProjesi\system\CodeIgniter.php(410): CodeIgniter\CodeIgniter->runController(Object(App\Controllers\Backend\Duyurular))
#2 D:\Program Files\XAMPP\htdocs\bitirmeProjesi\system\CodeIgniter.php(318): CodeIgniter\CodeIgniter->handleRequest(NULL, Object(Config\Cache), false)
#3 D:\Program Files\XAMPP\htdocs\bitirmeProjesi\index.php(37): CodeIgniter\CodeIgniter->run()
#4 {main}
CRITICAL - 2021-12-24 22:11:18 --> Call to a member function getName() on null
#0 D:\Program Files\XAMPP\htdocs\bitirmeProjesi\system\CodeIgniter.php(824): App\Controllers\Backend\Duyurular->duyuruEkle()
#1 D:\Program Files\XAMPP\htdocs\bitirmeProjesi\system\CodeIgniter.php(410): CodeIgniter\CodeIgniter->runController(Object(App\Controllers\Backend\Duyurular))
#2 D:\Program Files\XAMPP\htdocs\bitirmeProjesi\system\CodeIgniter.php(318): CodeIgniter\CodeIgniter->handleRequest(NULL, Object(Config\Cache), false)
#3 D:\Program Files\XAMPP\htdocs\bitirmeProjesi\index.php(37): CodeIgniter\CodeIgniter->run()
#4 {main}
CRITICAL - 2021-12-24 22:12:39 --> Call to a member function getName() on null
#0 D:\Program Files\XAMPP\htdocs\bitirmeProjesi\system\CodeIgniter.php(824): App\Controllers\Backend\Duyurular->duyuruEkle()
#1 D:\Program Files\XAMPP\htdocs\bitirmeProjesi\system\CodeIgniter.php(410): CodeIgniter\CodeIgniter->runController(Object(App\Controllers\Backend\Duyurular))
#2 D:\Program Files\XAMPP\htdocs\bitirmeProjesi\system\CodeIgniter.php(318): CodeIgniter\CodeIgniter->handleRequest(NULL, Object(Config\Cache), false)
#3 D:\Program Files\XAMPP\htdocs\bitirmeProjesi\index.php(37): CodeIgniter\CodeIgniter->run()
#4 {main}
CRITICAL - 2021-12-24 22:20:57 --> syntax error, unexpected token "foreach"
#0 D:\Program Files\XAMPP\htdocs\bitirmeProjesi\system\View\View.php(217): CodeIgniter\View\View->CodeIgniter\View\{closure}()
#1 D:\Program Files\XAMPP\htdocs\bitirmeProjesi\system\Common.php(1097): CodeIgniter\View\View->render('Frontend/HomeVi...', Array, true)
#2 D:\Program Files\XAMPP\htdocs\bitirmeProjesi\app\Controllers\Frontend\Home.php(36): view('Frontend/HomeVi...', Array)
#3 D:\Program Files\XAMPP\htdocs\bitirmeProjesi\system\CodeIgniter.php(824): App\Controllers\Frontend\Home->index('tr')
#4 D:\Program Files\XAMPP\htdocs\bitirmeProjesi\system\CodeIgniter.php(410): CodeIgniter\CodeIgniter->runController(Object(App\Controllers\Frontend\Home))
#5 D:\Program Files\XAMPP\htdocs\bitirmeProjesi\system\CodeIgniter.php(318): CodeIgniter\CodeIgniter->handleRequest(NULL, Object(Config\Cache), false)
#6 D:\Program Files\XAMPP\htdocs\bitirmeProjesi\index.php(37): CodeIgniter\CodeIgniter->run()
#7 {main}
CRITICAL - 2021-12-24 22:21:28 --> syntax error, unexpected token "foreach"
#0 D:\Program Files\XAMPP\htdocs\bitirmeProjesi\system\View\View.php(217): CodeIgniter\View\View->CodeIgniter\View\{closure}()
#1 D:\Program Files\XAMPP\htdocs\bitirmeProjesi\system\Common.php(1097): CodeIgniter\View\View->render('Frontend/HomeVi...', Array, true)
#2 D:\Program Files\XAMPP\htdocs\bitirmeProjesi\app\Controllers\Frontend\Home.php(36): view('Frontend/HomeVi...', Array)
#3 D:\Program Files\XAMPP\htdocs\bitirmeProjesi\system\CodeIgniter.php(824): App\Controllers\Frontend\Home->index('tr')
#4 D:\Program Files\XAMPP\htdocs\bitirmeProjesi\system\CodeIgniter.php(410): CodeIgniter\CodeIgniter->runController(Object(App\Controllers\Frontend\Home))
#5 D:\Program Files\XAMPP\htdocs\bitirmeProjesi\system\CodeIgniter.php(318): CodeIgniter\CodeIgniter->handleRequest(NULL, Object(Config\Cache), false)
#6 D:\Program Files\XAMPP\htdocs\bitirmeProjesi\index.php(37): CodeIgniter\CodeIgniter->run()
#7 {main}
CRITICAL - 2021-12-24 22:22:27 --> Undefined array key "record"
#0 D:\Program Files\XAMPP\htdocs\bitirmeProjesi\app\Views\Frontend\HomeView.php(85): CodeIgniter\Debug\Exceptions->errorHandler(2, 'Undefined array...', 'D:\\Program File...', 85)
#1 D:\Program Files\XAMPP\htdocs\bitirmeProjesi\system\View\View.php(214): include('D:\\Program File...')
#2 D:\Program Files\XAMPP\htdocs\bitirmeProjesi\system\View\View.php(217): CodeIgniter\View\View->CodeIgniter\View\{closure}()
#3 D:\Program Files\XAMPP\htdocs\bitirmeProjesi\system\Common.php(1097): CodeIgniter\View\View->render('Frontend/HomeVi...', Array, true)
#4 D:\Program Files\XAMPP\htdocs\bitirmeProjesi\app\Controllers\Frontend\Home.php(36): view('Frontend/HomeVi...', Array)
#5 D:\Program Files\XAMPP\htdocs\bitirmeProjesi\system\CodeIgniter.php(824): App\Controllers\Frontend\Home->index('tr')
#6 D:\Program Files\XAMPP\htdocs\bitirmeProjesi\system\CodeIgniter.php(410): CodeIgniter\CodeIgniter->runController(Object(App\Controllers\Frontend\Home))
#7 D:\Program Files\XAMPP\htdocs\bitirmeProjesi\system\CodeIgniter.php(318): CodeIgniter\CodeIgniter->handleRequest(NULL, Object(Config\Cache), false)
#8 D:\Program Files\XAMPP\htdocs\bitirmeProjesi\index.php(37): CodeIgniter\CodeIgniter->run()
#9 {main}
CRITICAL - 2021-12-24 22:22:31 --> Undefined array key "record"
#0 D:\Program Files\XAMPP\htdocs\bitirmeProjesi\app\Views\Frontend\HomeView.php(85): CodeIgniter\Debug\Exceptions->errorHandler(2, 'Undefined array...', 'D:\\Program File...', 85)
#1 D:\Program Files\XAMPP\htdocs\bitirmeProjesi\system\View\View.php(214): include('D:\\Program File...')
#2 D:\Program Files\XAMPP\htdocs\bitirmeProjesi\system\View\View.php(217): CodeIgniter\View\View->CodeIgniter\View\{closure}()
#3 D:\Program Files\XAMPP\htdocs\bitirmeProjesi\system\Common.php(1097): CodeIgniter\View\View->render('Frontend/HomeVi...', Array, true)
#4 D:\Program Files\XAMPP\htdocs\bitirmeProjesi\app\Controllers\Frontend\Home.php(36): view('Frontend/HomeVi...', Array)
#5 D:\Program Files\XAMPP\htdocs\bitirmeProjesi\system\CodeIgniter.php(824): App\Controllers\Frontend\Home->index('tr')
#6 D:\Program Files\XAMPP\htdocs\bitirmeProjesi\system\CodeIgniter.php(410): CodeIgniter\CodeIgniter->runController(Object(App\Controllers\Frontend\Home))
#7 D:\Program Files\XAMPP\htdocs\bitirmeProjesi\system\CodeIgniter.php(318): CodeIgniter\CodeIgniter->handleRequest(NULL, Object(Config\Cache), false)
#8 D:\Program Files\XAMPP\htdocs\bitirmeProjesi\index.php(37): CodeIgniter\CodeIgniter->run()
#9 {main}
CRITICAL - 2021-12-24 22:22:42 --> Cannot access offset of type string on string
#0 D:\Program Files\XAMPP\htdocs\bitirmeProjesi\system\View\View.php(214): include()
#1 D:\Program Files\XAMPP\htdocs\bitirmeProjesi\system\View\View.php(217): CodeIgniter\View\View->CodeIgniter\View\{closure}()
#2 D:\Program Files\XAMPP\htdocs\bitirmeProjesi\system\Common.php(1097): CodeIgniter\View\View->render('Frontend/HomeVi...', Array, true)
#3 D:\Program Files\XAMPP\htdocs\bitirmeProjesi\app\Controllers\Frontend\Home.php(36): view('Frontend/HomeVi...', Array)
#4 D:\Program Files\XAMPP\htdocs\bitirmeProjesi\system\CodeIgniter.php(824): App\Controllers\Frontend\Home->index('tr')
#5 D:\Program Files\XAMPP\htdocs\bitirmeProjesi\system\CodeIgniter.php(410): CodeIgniter\CodeIgniter->runController(Object(App\Controllers\Frontend\Home))
#6 D:\Program Files\XAMPP\htdocs\bitirmeProjesi\system\CodeIgniter.php(318): CodeIgniter\CodeIgniter->handleRequest(NULL, Object(Config\Cache), false)
#7 D:\Program Files\XAMPP\htdocs\bitirmeProjesi\index.php(37): CodeIgniter\CodeIgniter->run()
#8 {main}
CRITICAL - 2021-12-24 22:23:02 --> Attempt to read property "motivasyon_content" on string
#0 D:\Program Files\XAMPP\htdocs\bitirmeProjesi\app\Views\Frontend\HomeView.php(91): CodeIgniter\Debug\Exceptions->errorHandler(2, 'Attempt to read...', 'D:\\Program File...', 91)
#1 D:\Program Files\XAMPP\htdocs\bitirmeProjesi\system\View\View.php(214): include('D:\\Program File...')
#2 D:\Program Files\XAMPP\htdocs\bitirmeProjesi\system\View\View.php(217): CodeIgniter\View\View->CodeIgniter\View\{closure}()
#3 D:\Program Files\XAMPP\htdocs\bitirmeProjesi\system\Common.php(1097): CodeIgniter\View\View->render('Frontend/HomeVi...', Array, true)
#4 D:\Program Files\XAMPP\htdocs\bitirmeProjesi\app\Controllers\Frontend\Home.php(36): view('Frontend/HomeVi...', Array)
#5 D:\Program Files\XAMPP\htdocs\bitirmeProjesi\system\CodeIgniter.php(824): App\Controllers\Frontend\Home->index('tr')
#6 D:\Program Files\XAMPP\htdocs\bitirmeProjesi\system\CodeIgniter.php(410): CodeIgniter\CodeIgniter->runController(Object(App\Controllers\Frontend\Home))
#7 D:\Program Files\XAMPP\htdocs\bitirmeProjesi\system\CodeIgniter.php(318): CodeIgniter\CodeIgniter->handleRequest(NULL, Object(Config\Cache), false)
#8 D:\Program Files\XAMPP\htdocs\bitirmeProjesi\index.php(37): CodeIgniter\CodeIgniter->run()
#9 {main}
CRITICAL - 2021-12-24 22:23:10 --> Undefined variable $motivasyon_content
#0 D:\Program Files\XAMPP\htdocs\bitirmeProjesi\app\Views\Frontend\HomeView.php(91): CodeIgniter\Debug\Exceptions->errorHandler(2, 'Undefined varia...', 'D:\\Program File...', 91)
#1 D:\Program Files\XAMPP\htdocs\bitirmeProjesi\system\View\View.php(214): include('D:\\Program File...')
#2 D:\Program Files\XAMPP\htdocs\bitirmeProjesi\system\View\View.php(217): CodeIgniter\View\View->CodeIgniter\View\{closure}()
#3 D:\Program Files\XAMPP\htdocs\bitirmeProjesi\system\Common.php(1097): CodeIgniter\View\View->render('Frontend/HomeVi...', Array, true)
#4 D:\Program Files\XAMPP\htdocs\bitirmeProjesi\app\Controllers\Frontend\Home.php(36): view('Frontend/HomeVi...', Array)
#5 D:\Program Files\XAMPP\htdocs\bitirmeProjesi\system\CodeIgniter.php(824): App\Controllers\Frontend\Home->index('tr')
#6 D:\Program Files\XAMPP\htdocs\bitirmeProjesi\system\CodeIgniter.php(410): CodeIgniter\CodeIgniter->runController(Object(App\Controllers\Frontend\Home))
#7 D:\Program Files\XAMPP\htdocs\bitirmeProjesi\system\CodeIgniter.php(318): CodeIgniter\CodeIgniter->handleRequest(NULL, Object(Config\Cache), false)
#8 D:\Program Files\XAMPP\htdocs\bitirmeProjesi\index.php(37): CodeIgniter\CodeIgniter->run()
#9 {main}
CRITICAL - 2021-12-24 22:24:01 --> Array to string conversion
#0 D:\Program Files\XAMPP\htdocs\bitirmeProjesi\app\Views\Frontend\HomeView.php(91): CodeIgniter\Debug\Exceptions->errorHandler(2, 'Array to string...', 'D:\\Program File...', 91)
#1 D:\Program Files\XAMPP\htdocs\bitirmeProjesi\system\View\View.php(214): include('D:\\Program File...')
#2 D:\Program Files\XAMPP\htdocs\bitirmeProjesi\system\View\View.php(217): CodeIgniter\View\View->CodeIgniter\View\{closure}()
#3 D:\Program Files\XAMPP\htdocs\bitirmeProjesi\system\Common.php(1097): CodeIgniter\View\View->render('Frontend/HomeVi...', Array, true)
#4 D:\Program Files\XAMPP\htdocs\bitirmeProjesi\app\Controllers\Frontend\Home.php(36): view('Frontend/HomeVi...', Array)
#5 D:\Program Files\XAMPP\htdocs\bitirmeProjesi\system\CodeIgniter.php(824): App\Controllers\Frontend\Home->index('tr')
#6 D:\Program Files\XAMPP\htdocs\bitirmeProjesi\system\CodeIgniter.php(410): CodeIgniter\CodeIgniter->runController(Object(App\Controllers\Frontend\Home))
#7 D:\Program Files\XAMPP\htdocs\bitirmeProjesi\system\CodeIgniter.php(318): CodeIgniter\CodeIgniter->handleRequest(NULL, Object(Config\Cache), false)
#8 D:\Program Files\XAMPP\htdocs\bitirmeProjesi\index.php(37): CodeIgniter\CodeIgniter->run()
#9 {main}
CRITICAL - 2021-12-24 22:24:14 --> Array to string conversion
#0 D:\Program Files\XAMPP\htdocs\bitirmeProjesi\app\Views\Frontend\HomeView.php(91): CodeIgniter\Debug\Exceptions->errorHandler(2, 'Array to string...', 'D:\\Program File...', 91)
#1 D:\Program Files\XAMPP\htdocs\bitirmeProjesi\system\View\View.php(214): include('D:\\Program File...')
#2 D:\Program Files\XAMPP\htdocs\bitirmeProjesi\system\View\View.php(217): CodeIgniter\View\View->CodeIgniter\View\{closure}()
#3 D:\Program Files\XAMPP\htdocs\bitirmeProjesi\system\Common.php(1097): CodeIgniter\View\View->render('Frontend/HomeVi...', Array, true)
#4 D:\Program Files\XAMPP\htdocs\bitirmeProjesi\app\Controllers\Frontend\Home.php(36): view('Frontend/HomeVi...', Array)
#5 D:\Program Files\XAMPP\htdocs\bitirmeProjesi\system\CodeIgniter.php(824): App\Controllers\Frontend\Home->index('tr')
#6 D:\Program Files\XAMPP\htdocs\bitirmeProjesi\system\CodeIgniter.php(410): CodeIgniter\CodeIgniter->runController(Object(App\Controllers\Frontend\Home))
#7 D:\Program Files\XAMPP\htdocs\bitirmeProjesi\system\CodeIgniter.php(318): CodeIgniter\CodeIgniter->handleRequest(NULL, Object(Config\Cache), false)
#8 D:\Program Files\XAMPP\htdocs\bitirmeProjesi\index.php(37): CodeIgniter\CodeIgniter->run()
#9 {main}
CRITICAL - 2021-12-24 22:25:12 --> Undefined array key "record"
#0 D:\Program Files\XAMPP\htdocs\bitirmeProjesi\app\Views\Frontend\HomeView.php(85): CodeIgniter\Debug\Exceptions->errorHandler(2, 'Undefined array...', 'D:\\Program File...', 85)
#1 D:\Program Files\XAMPP\htdocs\bitirmeProjesi\system\View\View.php(214): include('D:\\Program File...')
#2 D:\Program Files\XAMPP\htdocs\bitirmeProjesi\system\View\View.php(217): CodeIgniter\View\View->CodeIgniter\View\{closure}()
#3 D:\Program Files\XAMPP\htdocs\bitirmeProjesi\system\Common.php(1097): CodeIgniter\View\View->render('Frontend/HomeVi...', Array, true)
#4 D:\Program Files\XAMPP\htdocs\bitirmeProjesi\app\Controllers\Frontend\Home.php(36): view('Frontend/HomeVi...', Array)
#5 D:\Program Files\XAMPP\htdocs\bitirmeProjesi\system\CodeIgniter.php(824): App\Controllers\Frontend\Home->index('tr')
#6 D:\Program Files\XAMPP\htdocs\bitirmeProjesi\system\CodeIgniter.php(410): CodeIgniter\CodeIgniter->runController(Object(App\Controllers\Frontend\Home))
#7 D:\Program Files\XAMPP\htdocs\bitirmeProjesi\system\CodeIgniter.php(318): CodeIgniter\CodeIgniter->handleRequest(NULL, Object(Config\Cache), false)
#8 D:\Program Files\XAMPP\htdocs\bitirmeProjesi\index.php(37): CodeIgniter\CodeIgniter->run()
#9 {main}
CRITICAL - 2021-12-24 22:25:18 --> Cannot access offset of type string on string
#0 D:\Program Files\XAMPP\htdocs\bitirmeProjesi\system\View\View.php(214): include()
#1 D:\Program Files\XAMPP\htdocs\bitirmeProjesi\system\View\View.php(217): CodeIgniter\View\View->CodeIgniter\View\{closure}()
#2 D:\Program Files\XAMPP\htdocs\bitirmeProjesi\system\Common.php(1097): CodeIgniter\View\View->render('Frontend/HomeVi...', Array, true)
#3 D:\Program Files\XAMPP\htdocs\bitirmeProjesi\app\Controllers\Frontend\Home.php(36): view('Frontend/HomeVi...', Array)
#4 D:\Program Files\XAMPP\htdocs\bitirmeProjesi\system\CodeIgniter.php(824): App\Controllers\Frontend\Home->index('tr')
#5 D:\Program Files\XAMPP\htdocs\bitirmeProjesi\system\CodeIgniter.php(410): CodeIgniter\CodeIgniter->runController(Object(App\Controllers\Frontend\Home))
#6 D:\Program Files\XAMPP\htdocs\bitirmeProjesi\system\CodeIgniter.php(318): CodeIgniter\CodeIgniter->handleRequest(NULL, Object(Config\Cache), false)
#7 D:\Program Files\XAMPP\htdocs\bitirmeProjesi\index.php(37): CodeIgniter\CodeIgniter->run()
#8 {main}
CRITICAL - 2021-12-24 22:25:19 --> Cannot access offset of type string on string
#0 D:\Program Files\XAMPP\htdocs\bitirmeProjesi\system\View\View.php(214): include()
#1 D:\Program Files\XAMPP\htdocs\bitirmeProjesi\system\View\View.php(217): CodeIgniter\View\View->CodeIgniter\View\{closure}()
#2 D:\Program Files\XAMPP\htdocs\bitirmeProjesi\system\Common.php(1097): CodeIgniter\View\View->render('Frontend/HomeVi...', Array, true)
#3 D:\Program Files\XAMPP\htdocs\bitirmeProjesi\app\Controllers\Frontend\Home.php(36): view('Frontend/HomeVi...', Array)
#4 D:\Program Files\XAMPP\htdocs\bitirmeProjesi\system\CodeIgniter.php(824): App\Controllers\Frontend\Home->index('tr')
#5 D:\Program Files\XAMPP\htdocs\bitirmeProjesi\system\CodeIgniter.php(410): CodeIgniter\CodeIgniter->runController(Object(App\Controllers\Frontend\Home))
#6 D:\Program Files\XAMPP\htdocs\bitirmeProjesi\system\CodeIgniter.php(318): CodeIgniter\CodeIgniter->handleRequest(NULL, Object(Config\Cache), false)
#7 D:\Program Files\XAMPP\htdocs\bitirmeProjesi\index.php(37): CodeIgniter\CodeIgniter->run()
#8 {main}
CRITICAL - 2021-12-24 22:25:40 --> Cannot access offset of type string on string
#0 D:\Program Files\XAMPP\htdocs\bitirmeProjesi\system\View\View.php(214): include()
#1 D:\Program Files\XAMPP\htdocs\bitirmeProjesi\system\View\View.php(217): CodeIgniter\View\View->CodeIgniter\View\{closure}()
#2 D:\Program Files\XAMPP\htdocs\bitirmeProjesi\system\Common.php(1097): CodeIgniter\View\View->render('Frontend/HomeVi...', Array, true)
#3 D:\Program Files\XAMPP\htdocs\bitirmeProjesi\app\Controllers\Frontend\Home.php(36): view('Frontend/HomeVi...', Array)
#4 D:\Program Files\XAMPP\htdocs\bitirmeProjesi\system\CodeIgniter.php(824): App\Controllers\Frontend\Home->index('tr')
#5 D:\Program Files\XAMPP\htdocs\bitirmeProjesi\system\CodeIgniter.php(410): CodeIgniter\CodeIgniter->runController(Object(App\Controllers\Frontend\Home))
#6 D:\Program Files\XAMPP\htdocs\bitirmeProjesi\system\CodeIgniter.php(318): CodeIgniter\CodeIgniter->handleRequest(NULL, Object(Config\Cache), false)
#7 D:\Program Files\XAMPP\htdocs\bitirmeProjesi\index.php(37): CodeIgniter\CodeIgniter->run()
#8 {main}
CRITICAL - 2021-12-24 22:25:40 --> Cannot access offset of type string on string
#0 D:\Program Files\XAMPP\htdocs\bitirmeProjesi\system\View\View.php(214): include()
#1 D:\Program Files\XAMPP\htdocs\bitirmeProjesi\system\View\View.php(217): CodeIgniter\View\View->CodeIgniter\View\{closure}()
#2 D:\Program Files\XAMPP\htdocs\bitirmeProjesi\system\Common.php(1097): CodeIgniter\View\View->render('Frontend/HomeVi...', Array, true)
#3 D:\Program Files\XAMPP\htdocs\bitirmeProjesi\app\Controllers\Frontend\Home.php(36): view('Frontend/HomeVi...', Array)
#4 D:\Program Files\XAMPP\htdocs\bitirmeProjesi\system\CodeIgniter.php(824): App\Controllers\Frontend\Home->index('tr')
#5 D:\Program Files\XAMPP\htdocs\bitirmeProjesi\system\CodeIgniter.php(410): CodeIgniter\CodeIgniter->runController(Object(App\Controllers\Frontend\Home))
#6 D:\Program Files\XAMPP\htdocs\bitirmeProjesi\system\CodeIgniter.php(318): CodeIgniter\CodeIgniter->handleRequest(NULL, Object(Config\Cache), false)
#7 D:\Program Files\XAMPP\htdocs\bitirmeProjesi\index.php(37): CodeIgniter\CodeIgniter->run()
#8 {main}
CRITICAL - 2021-12-24 22:25:59 --> Cannot access offset of type string on string
#0 D:\Program Files\XAMPP\htdocs\bitirmeProjesi\system\View\View.php(214): include()
#1 D:\Program Files\XAMPP\htdocs\bitirmeProjesi\system\View\View.php(217): CodeIgniter\View\View->CodeIgniter\View\{closure}()
#2 D:\Program Files\XAMPP\htdocs\bitirmeProjesi\system\Common.php(1097): CodeIgniter\View\View->render('Frontend/HomeVi...', Array, true)
#3 D:\Program Files\XAMPP\htdocs\bitirmeProjesi\app\Controllers\Frontend\Home.php(36): view('Frontend/HomeVi...', Array)
#4 D:\Program Files\XAMPP\htdocs\bitirmeProjesi\system\CodeIgniter.php(824): App\Controllers\Frontend\Home->index('tr')
#5 D:\Program Files\XAMPP\htdocs\bitirmeProjesi\system\CodeIgniter.php(410): CodeIgniter\CodeIgniter->runController(Object(App\Controllers\Frontend\Home))
#6 D:\Program Files\XAMPP\htdocs\bitirmeProjesi\system\CodeIgniter.php(318): CodeIgniter\CodeIgniter->handleRequest(NULL, Object(Config\Cache), false)
#7 D:\Program Files\XAMPP\htdocs\bitirmeProjesi\index.php(37): CodeIgniter\CodeIgniter->run()
#8 {main}
CRITICAL - 2021-12-24 22:26:21 --> Undefined variable $record
#0 D:\Program Files\XAMPP\htdocs\bitirmeProjesi\app\Views\Frontend\HomeView.php(85): CodeIgniter\Debug\Exceptions->errorHandler(2, 'Undefined varia...', 'D:\\Program File...', 85)
#1 D:\Program Files\XAMPP\htdocs\bitirmeProjesi\system\View\View.php(214): include('D:\\Program File...')
#2 D:\Program Files\XAMPP\htdocs\bitirmeProjesi\system\View\View.php(217): CodeIgniter\View\View->CodeIgniter\View\{closure}()
#3 D:\Program Files\XAMPP\htdocs\bitirmeProjesi\system\Common.php(1097): CodeIgniter\View\View->render('Frontend/HomeVi...', Array, true)
#4 D:\Program Files\XAMPP\htdocs\bitirmeProjesi\app\Controllers\Frontend\Home.php(36): view('Frontend/HomeVi...', Array)
#5 D:\Program Files\XAMPP\htdocs\bitirmeProjesi\system\CodeIgniter.php(824): App\Controllers\Frontend\Home->index('tr')
#6 D:\Program Files\XAMPP\htdocs\bitirmeProjesi\system\CodeIgniter.php(410): CodeIgniter\CodeIgniter->runController(Object(App\Controllers\Frontend\Home))
#7 D:\Program Files\XAMPP\htdocs\bitirmeProjesi\system\CodeIgniter.php(318): CodeIgniter\CodeIgniter->handleRequest(NULL, Object(Config\Cache), false)
#8 D:\Program Files\XAMPP\htdocs\bitirmeProjesi\index.php(37): CodeIgniter\CodeIgniter->run()
#9 {main}
CRITICAL - 2021-12-24 22:26:22 --> Undefined variable $record
#0 D:\Program Files\XAMPP\htdocs\bitirmeProjesi\app\Views\Frontend\HomeView.php(85): CodeIgniter\Debug\Exceptions->errorHandler(2, 'Undefined varia...', 'D:\\Program File...', 85)
#1 D:\Program Files\XAMPP\htdocs\bitirmeProjesi\system\View\View.php(214): include('D:\\Program File...')
#2 D:\Program Files\XAMPP\htdocs\bitirmeProjesi\system\View\View.php(217): CodeIgniter\View\View->CodeIgniter\View\{closure}()
#3 D:\Program Files\XAMPP\htdocs\bitirmeProjesi\system\Common.php(1097): CodeIgniter\View\View->render('Frontend/HomeVi...', Array, true)
#4 D:\Program Files\XAMPP\htdocs\bitirmeProjesi\app\Controllers\Frontend\Home.php(36): view('Frontend/HomeVi...', Array)
#5 D:\Program Files\XAMPP\htdocs\bitirmeProjesi\system\CodeIgniter.php(824): App\Controllers\Frontend\Home->index('tr')
#6 D:\Program Files\XAMPP\htdocs\bitirmeProjesi\system\CodeIgniter.php(410): CodeIgniter\CodeIgniter->runController(Object(App\Controllers\Frontend\Home))
#7 D:\Program Files\XAMPP\htdocs\bitirmeProjesi\system\CodeIgniter.php(318): CodeIgniter\CodeIgniter->handleRequest(NULL, Object(Config\Cache), false)
#8 D:\Program Files\XAMPP\htdocs\bitirmeProjesi\index.php(37): CodeIgniter\CodeIgniter->run()
#9 {main}
CRITICAL - 2021-12-24 22:26:33 --> Undefined array key "record"
#0 D:\Program Files\XAMPP\htdocs\bitirmeProjesi\app\Views\Frontend\HomeView.php(85): CodeIgniter\Debug\Exceptions->errorHandler(2, 'Undefined array...', 'D:\\Program File...', 85)
#1 D:\Program Files\XAMPP\htdocs\bitirmeProjesi\system\View\View.php(214): include('D:\\Program File...')
#2 D:\Program Files\XAMPP\htdocs\bitirmeProjesi\system\View\View.php(217): CodeIgniter\View\View->CodeIgniter\View\{closure}()
#3 D:\Program Files\XAMPP\htdocs\bitirmeProjesi\system\Common.php(1097): CodeIgniter\View\View->render('Frontend/HomeVi...', Array, true)
#4 D:\Program Files\XAMPP\htdocs\bitirmeProjesi\app\Controllers\Frontend\Home.php(36): view('Frontend/HomeVi...', Array)
#5 D:\Program Files\XAMPP\htdocs\bitirmeProjesi\system\CodeIgniter.php(824): App\Controllers\Frontend\Home->index('tr')
#6 D:\Program Files\XAMPP\htdocs\bitirmeProjesi\system\CodeIgniter.php(410): CodeIgniter\CodeIgniter->runController(Object(App\Controllers\Frontend\Home))
#7 D:\Program Files\XAMPP\htdocs\bitirmeProjesi\system\CodeIgniter.php(318): CodeIgniter\CodeIgniter->handleRequest(NULL, Object(Config\Cache), false)
#8 D:\Program Files\XAMPP\htdocs\bitirmeProjesi\index.php(37): CodeIgniter\CodeIgniter->run()
#9 {main}
CRITICAL - 2021-12-24 22:28:21 --> Undefined array key "record"
#0 D:\Program Files\XAMPP\htdocs\bitirmeProjesi\app\Views\Frontend\HomeView.php(91): CodeIgniter\Debug\Exceptions->errorHandler(2, 'Undefined array...', 'D:\\Program File...', 91)
#1 D:\Program Files\XAMPP\htdocs\bitirmeProjesi\system\View\View.php(214): include('D:\\Program File...')
#2 D:\Program Files\XAMPP\htdocs\bitirmeProjesi\system\View\View.php(217): CodeIgniter\View\View->CodeIgniter\View\{closure}()
#3 D:\Program Files\XAMPP\htdocs\bitirmeProjesi\system\Common.php(1097): CodeIgniter\View\View->render('Frontend/HomeVi...', Array, true)
#4 D:\Program Files\XAMPP\htdocs\bitirmeProjesi\app\Controllers\Frontend\Home.php(36): view('Frontend/HomeVi...', Array)
#5 D:\Program Files\XAMPP\htdocs\bitirmeProjesi\system\CodeIgniter.php(824): App\Controllers\Frontend\Home->index('tr')
#6 D:\Program Files\XAMPP\htdocs\bitirmeProjesi\system\CodeIgniter.php(410): CodeIgniter\CodeIgniter->runController(Object(App\Controllers\Frontend\Home))
#7 D:\Program Files\XAMPP\htdocs\bitirmeProjesi\system\CodeIgniter.php(318): CodeIgniter\CodeIgniter->handleRequest(NULL, Object(Config\Cache), false)
#8 D:\Program Files\XAMPP\htdocs\bitirmeProjesi\index.php(37): CodeIgniter\CodeIgniter->run()
#9 {main}
CRITICAL - 2021-12-24 22:28:59 --> Attempt to read property "motivasyon_content" on array
#0 D:\Program Files\XAMPP\htdocs\bitirmeProjesi\app\Views\Frontend\HomeView.php(91): CodeIgniter\Debug\Exceptions->errorHandler(2, 'Attempt to read...', 'D:\\Program File...', 91)
#1 D:\Program Files\XAMPP\htdocs\bitirmeProjesi\system\View\View.php(214): include('D:\\Program File...')
#2 D:\Program Files\XAMPP\htdocs\bitirmeProjesi\system\View\View.php(217): CodeIgniter\View\View->CodeIgniter\View\{closure}()
#3 D:\Program Files\XAMPP\htdocs\bitirmeProjesi\system\Common.php(1097): CodeIgniter\View\View->render('Frontend/HomeVi...', Array, true)
#4 D:\Program Files\XAMPP\htdocs\bitirmeProjesi\app\Controllers\Frontend\Home.php(36): view('Frontend/HomeVi...', Array)
#5 D:\Program Files\XAMPP\htdocs\bitirmeProjesi\system\CodeIgniter.php(824): App\Controllers\Frontend\Home->index('tr')
#6 D:\Program Files\XAMPP\htdocs\bitirmeProjesi\system\CodeIgniter.php(410): CodeIgniter\CodeIgniter->runController(Object(App\Controllers\Frontend\Home))
#7 D:\Program Files\XAMPP\htdocs\bitirmeProjesi\system\CodeIgniter.php(318): CodeIgniter\CodeIgniter->handleRequest(NULL, Object(Config\Cache), false)
#8 D:\Program Files\XAMPP\htdocs\bitirmeProjesi\index.php(37): CodeIgniter\CodeIgniter->run()
#9 {main}
CRITICAL - 2021-12-24 22:29:15 --> Attempt to read property "motivasyon_content" on string
#0 D:\Program Files\XAMPP\htdocs\bitirmeProjesi\app\Views\Frontend\HomeView.php(91): CodeIgniter\Debug\Exceptions->errorHandler(2, 'Attempt to read...', 'D:\\Program File...', 91)
#1 D:\Program Files\XAMPP\htdocs\bitirmeProjesi\system\View\View.php(214): include('D:\\Program File...')
#2 D:\Program Files\XAMPP\htdocs\bitirmeProjesi\system\View\View.php(217): CodeIgniter\View\View->CodeIgniter\View\{closure}()
#3 D:\Program Files\XAMPP\htdocs\bitirmeProjesi\system\Common.php(1097): CodeIgniter\View\View->render('Frontend/HomeVi...', Array, true)
#4 D:\Program Files\XAMPP\htdocs\bitirmeProjesi\app\Controllers\Frontend\Home.php(36): view('Frontend/HomeVi...', Array)
#5 D:\Program Files\XAMPP\htdocs\bitirmeProjesi\system\CodeIgniter.php(824): App\Controllers\Frontend\Home->index('tr')
#6 D:\Program Files\XAMPP\htdocs\bitirmeProjesi\system\CodeIgniter.php(410): CodeIgniter\CodeIgniter->runController(Object(App\Controllers\Frontend\Home))
#7 D:\Program Files\XAMPP\htdocs\bitirmeProjesi\system\CodeIgniter.php(318): CodeIgniter\CodeIgniter->handleRequest(NULL, Object(Config\Cache), false)
#8 D:\Program Files\XAMPP\htdocs\bitirmeProjesi\index.php(37): CodeIgniter\CodeIgniter->run()
#9 {main}
CRITICAL - 2021-12-24 22:29:16 --> Attempt to read property "motivasyon_content" on string
#0 D:\Program Files\XAMPP\htdocs\bitirmeProjesi\app\Views\Frontend\HomeView.php(91): CodeIgniter\Debug\Exceptions->errorHandler(2, 'Attempt to read...', 'D:\\Program File...', 91)
#1 D:\Program Files\XAMPP\htdocs\bitirmeProjesi\system\View\View.php(214): include('D:\\Program File...')
#2 D:\Program Files\XAMPP\htdocs\bitirmeProjesi\system\View\View.php(217): CodeIgniter\View\View->CodeIgniter\View\{closure}()
#3 D:\Program Files\XAMPP\htdocs\bitirmeProjesi\system\Common.php(1097): CodeIgniter\View\View->render('Frontend/HomeVi...', Array, true)
#4 D:\Program Files\XAMPP\htdocs\bitirmeProjesi\app\Controllers\Frontend\Home.php(36): view('Frontend/HomeVi...', Array)
#5 D:\Program Files\XAMPP\htdocs\bitirmeProjesi\system\CodeIgniter.php(824): App\Controllers\Frontend\Home->index('tr')
#6 D:\Program Files\XAMPP\htdocs\bitirmeProjesi\system\CodeIgniter.php(410): CodeIgniter\CodeIgniter->runController(Object(App\Controllers\Frontend\Home))
#7 D:\Program Files\XAMPP\htdocs\bitirmeProjesi\system\CodeIgniter.php(318): CodeIgniter\CodeIgniter->handleRequest(NULL, Object(Config\Cache), false)
#8 D:\Program Files\XAMPP\htdocs\bitirmeProjesi\index.php(37): CodeIgniter\CodeIgniter->run()
#9 {main}
CRITICAL - 2021-12-24 22:29:38 --> Cannot access offset of type string on string
#0 D:\Program Files\XAMPP\htdocs\bitirmeProjesi\system\View\View.php(214): include()
#1 D:\Program Files\XAMPP\htdocs\bitirmeProjesi\system\View\View.php(217): CodeIgniter\View\View->CodeIgniter\View\{closure}()
#2 D:\Program Files\XAMPP\htdocs\bitirmeProjesi\system\Common.php(1097): CodeIgniter\View\View->render('Frontend/HomeVi...', Array, true)
#3 D:\Program Files\XAMPP\htdocs\bitirmeProjesi\app\Controllers\Frontend\Home.php(36): view('Frontend/HomeVi...', Array)
#4 D:\Program Files\XAMPP\htdocs\bitirmeProjesi\system\CodeIgniter.php(824): App\Controllers\Frontend\Home->index('tr')
#5 D:\Program Files\XAMPP\htdocs\bitirmeProjesi\system\CodeIgniter.php(410): CodeIgniter\CodeIgniter->runController(Object(App\Controllers\Frontend\Home))
#6 D:\Program Files\XAMPP\htdocs\bitirmeProjesi\system\CodeIgniter.php(318): CodeIgniter\CodeIgniter->handleRequest(NULL, Object(Config\Cache), false)
#7 D:\Program Files\XAMPP\htdocs\bitirmeProjesi\index.php(37): CodeIgniter\CodeIgniter->run()
#8 {main}
CRITICAL - 2021-12-24 22:30:10 --> Undefined array key "record"
#0 D:\Program Files\XAMPP\htdocs\bitirmeProjesi\app\Views\Frontend\HomeView.php(85): CodeIgniter\Debug\Exceptions->errorHandler(2, 'Undefined array...', 'D:\\Program File...', 85)
#1 D:\Program Files\XAMPP\htdocs\bitirmeProjesi\system\View\View.php(214): include('D:\\Program File...')
#2 D:\Program Files\XAMPP\htdocs\bitirmeProjesi\system\View\View.php(217): CodeIgniter\View\View->CodeIgniter\View\{closure}()
#3 D:\Program Files\XAMPP\htdocs\bitirmeProjesi\system\Common.php(1097): CodeIgniter\View\View->render('Frontend/HomeVi...', Array, true)
#4 D:\Program Files\XAMPP\htdocs\bitirmeProjesi\app\Controllers\Frontend\Home.php(36): view('Frontend/HomeVi...', Array)
#5 D:\Program Files\XAMPP\htdocs\bitirmeProjesi\system\CodeIgniter.php(824): App\Controllers\Frontend\Home->index('tr')
#6 D:\Program Files\XAMPP\htdocs\bitirmeProjesi\system\CodeIgniter.php(410): CodeIgniter\CodeIgniter->runController(Object(App\Controllers\Frontend\Home))
#7 D:\Program Files\XAMPP\htdocs\bitirmeProjesi\system\CodeIgniter.php(318): CodeIgniter\CodeIgniter->handleRequest(NULL, Object(Config\Cache), false)
#8 D:\Program Files\XAMPP\htdocs\bitirmeProjesi\index.php(37): CodeIgniter\CodeIgniter->run()
#9 {main}
CRITICAL - 2021-12-24 22:30:21 --> Undefined variable $record
#0 D:\Program Files\XAMPP\htdocs\bitirmeProjesi\app\Views\Frontend\HomeView.php(85): CodeIgniter\Debug\Exceptions->errorHandler(2, 'Undefined varia...', 'D:\\Program File...', 85)
#1 D:\Program Files\XAMPP\htdocs\bitirmeProjesi\system\View\View.php(214): include('D:\\Program File...')
#2 D:\Program Files\XAMPP\htdocs\bitirmeProjesi\system\View\View.php(217): CodeIgniter\View\View->CodeIgniter\View\{closure}()
#3 D:\Program Files\XAMPP\htdocs\bitirmeProjesi\system\Common.php(1097): CodeIgniter\View\View->render('Frontend/HomeVi...', Array, true)
#4 D:\Program Files\XAMPP\htdocs\bitirmeProjesi\app\Controllers\Frontend\Home.php(36): view('Frontend/HomeVi...', Array)
#5 D:\Program Files\XAMPP\htdocs\bitirmeProjesi\system\CodeIgniter.php(824): App\Controllers\Frontend\Home->index('tr')
#6 D:\Program Files\XAMPP\htdocs\bitirmeProjesi\system\CodeIgniter.php(410): CodeIgniter\CodeIgniter->runController(Object(App\Controllers\Frontend\Home))
#7 D:\Program Files\XAMPP\htdocs\bitirmeProjesi\system\CodeIgniter.php(318): CodeIgniter\CodeIgniter->handleRequest(NULL, Object(Config\Cache), false)
#8 D:\Program Files\XAMPP\htdocs\bitirmeProjesi\index.php(37): CodeIgniter\CodeIgniter->run()
#9 {main}
CRITICAL - 2021-12-24 22:30:34 --> Cannot access offset of type string on string
#0 D:\Program Files\XAMPP\htdocs\bitirmeProjesi\system\View\View.php(214): include()
#1 D:\Program Files\XAMPP\htdocs\bitirmeProjesi\system\View\View.php(217): CodeIgniter\View\View->CodeIgniter\View\{closure}()
#2 D:\Program Files\XAMPP\htdocs\bitirmeProjesi\system\Common.php(1097): CodeIgniter\View\View->render('Frontend/HomeVi...', Array, true)
#3 D:\Program Files\XAMPP\htdocs\bitirmeProjesi\app\Controllers\Frontend\Home.php(36): view('Frontend/HomeVi...', Array)
#4 D:\Program Files\XAMPP\htdocs\bitirmeProjesi\system\CodeIgniter.php(824): App\Controllers\Frontend\Home->index('tr')
#5 D:\Program Files\XAMPP\htdocs\bitirmeProjesi\system\CodeIgniter.php(410): CodeIgniter\CodeIgniter->runController(Object(App\Controllers\Frontend\Home))
#6 D:\Program Files\XAMPP\htdocs\bitirmeProjesi\system\CodeIgniter.php(318): CodeIgniter\CodeIgniter->handleRequest(NULL, Object(Config\Cache), false)
#7 D:\Program Files\XAMPP\htdocs\bitirmeProjesi\index.php(37): CodeIgniter\CodeIgniter->run()
#8 {main}
CRITICAL - 2021-12-24 22:30:35 --> Cannot access offset of type string on string
#0 D:\Program Files\XAMPP\htdocs\bitirmeProjesi\system\View\View.php(214): include()
#1 D:\Program Files\XAMPP\htdocs\bitirmeProjesi\system\View\View.php(217): CodeIgniter\View\View->CodeIgniter\View\{closure}()
#2 D:\Program Files\XAMPP\htdocs\bitirmeProjesi\system\Common.php(1097): CodeIgniter\View\View->render('Frontend/HomeVi...', Array, true)
#3 D:\Program Files\XAMPP\htdocs\bitirmeProjesi\app\Controllers\Frontend\Home.php(36): view('Frontend/HomeVi...', Array)
#4 D:\Program Files\XAMPP\htdocs\bitirmeProjesi\system\CodeIgniter.php(824): App\Controllers\Frontend\Home->index('tr')
#5 D:\Program Files\XAMPP\htdocs\bitirmeProjesi\system\CodeIgniter.php(410): CodeIgniter\CodeIgniter->runController(Object(App\Controllers\Frontend\Home))
#6 D:\Program Files\XAMPP\htdocs\bitirmeProjesi\system\CodeIgniter.php(318): CodeIgniter\CodeIgniter->handleRequest(NULL, Object(Config\Cache), false)
#7 D:\Program Files\XAMPP\htdocs\bitirmeProjesi\index.php(37): CodeIgniter\CodeIgniter->run()
#8 {main}
CRITICAL - 2021-12-24 22:30:35 --> Cannot access offset of type string on string
#0 D:\Program Files\XAMPP\htdocs\bitirmeProjesi\system\View\View.php(214): include()
#1 D:\Program Files\XAMPP\htdocs\bitirmeProjesi\system\View\View.php(217): CodeIgniter\View\View->CodeIgniter\View\{closure}()
#2 D:\Program Files\XAMPP\htdocs\bitirmeProjesi\system\Common.php(1097): CodeIgniter\View\View->render('Frontend/HomeVi...', Array, true)
#3 D:\Program Files\XAMPP\htdocs\bitirmeProjesi\app\Controllers\Frontend\Home.php(36): view('Frontend/HomeVi...', Array)
#4 D:\Program Files\XAMPP\htdocs\bitirmeProjesi\system\CodeIgniter.php(824): App\Controllers\Frontend\Home->index('tr')
#5 D:\Program Files\XAMPP\htdocs\bitirmeProjesi\system\CodeIgniter.php(410): CodeIgniter\CodeIgniter->runController(Object(App\Controllers\Frontend\Home))
#6 D:\Program Files\XAMPP\htdocs\bitirmeProjesi\system\CodeIgniter.php(318): CodeIgniter\CodeIgniter->handleRequest(NULL, Object(Config\Cache), false)
#7 D:\Program Files\XAMPP\htdocs\bitirmeProjesi\index.php(37): CodeIgniter\CodeIgniter->run()
#8 {main}
CRITICAL - 2021-12-24 22:31:35 --> Cannot use [] for reading
#0 [internal function]: CodeIgniter\Debug\Exceptions->shutdownHandler()
#1 {main}
CRITICAL - 2021-12-24 22:31:38 --> Cannot access offset of type string on string
#0 D:\Program Files\XAMPP\htdocs\bitirmeProjesi\system\View\View.php(214): include()
#1 D:\Program Files\XAMPP\htdocs\bitirmeProjesi\system\View\View.php(217): CodeIgniter\View\View->CodeIgniter\View\{closure}()
#2 D:\Program Files\XAMPP\htdocs\bitirmeProjesi\system\Common.php(1097): CodeIgniter\View\View->render('Frontend/HomeVi...', Array, true)
#3 D:\Program Files\XAMPP\htdocs\bitirmeProjesi\app\Controllers\Frontend\Home.php(36): view('Frontend/HomeVi...', Array)
#4 D:\Program Files\XAMPP\htdocs\bitirmeProjesi\system\CodeIgniter.php(824): App\Controllers\Frontend\Home->index('tr')
#5 D:\Program Files\XAMPP\htdocs\bitirmeProjesi\system\CodeIgniter.php(410): CodeIgniter\CodeIgniter->runController(Object(App\Controllers\Frontend\Home))
#6 D:\Program Files\XAMPP\htdocs\bitirmeProjesi\system\CodeIgniter.php(318): CodeIgniter\CodeIgniter->handleRequest(NULL, Object(Config\Cache), false)
#7 D:\Program Files\XAMPP\htdocs\bitirmeProjesi\index.php(37): CodeIgniter\CodeIgniter->run()
#8 {main}
CRITICAL - 2021-12-24 22:34:50 --> Undefined variable $record
#0 D:\Program Files\XAMPP\htdocs\bitirmeProjesi\app\Views\Frontend\HomeView.php(85): CodeIgniter\Debug\Exceptions->errorHandler(2, 'Undefined varia...', 'D:\\Program File...', 85)
#1 D:\Program Files\XAMPP\htdocs\bitirmeProjesi\system\View\View.php(214): include('D:\\Program File...')
#2 D:\Program Files\XAMPP\htdocs\bitirmeProjesi\system\View\View.php(217): CodeIgniter\View\View->CodeIgniter\View\{closure}()
#3 D:\Program Files\XAMPP\htdocs\bitirmeProjesi\system\Common.php(1097): CodeIgniter\View\View->render('Frontend/HomeVi...', Array, true)
#4 D:\Program Files\XAMPP\htdocs\bitirmeProjesi\app\Controllers\Frontend\Home.php(36): view('Frontend/HomeVi...', Array)
#5 D:\Program Files\XAMPP\htdocs\bitirmeProjesi\system\CodeIgniter.php(824): App\Controllers\Frontend\Home->index('tr')
#6 D:\Program Files\XAMPP\htdocs\bitirmeProjesi\system\CodeIgniter.php(410): CodeIgniter\CodeIgniter->runController(Object(App\Controllers\Frontend\Home))
#7 D:\Program Files\XAMPP\htdocs\bitirmeProjesi\system\CodeIgniter.php(318): CodeIgniter\CodeIgniter->handleRequest(NULL, Object(Config\Cache), false)
#8 D:\Program Files\XAMPP\htdocs\bitirmeProjesi\index.php(37): CodeIgniter\CodeIgniter->run()
#9 {main}
CRITICAL - 2021-12-24 22:35:12 --> Undefined variable $record
#0 D:\Program Files\XAMPP\htdocs\bitirmeProjesi\app\Views\Frontend\HomeView.php(84): CodeIgniter\Debug\Exceptions->errorHandler(2, 'Undefined varia...', 'D:\\Program File...', 84)
#1 D:\Program Files\XAMPP\htdocs\bitirmeProjesi\system\View\View.php(214): include('D:\\Program File...')
#2 D:\Program Files\XAMPP\htdocs\bitirmeProjesi\system\View\View.php(217): CodeIgniter\View\View->CodeIgniter\View\{closure}()
#3 D:\Program Files\XAMPP\htdocs\bitirmeProjesi\system\Common.php(1097): CodeIgniter\View\View->render('Frontend/HomeVi...', Array, true)
#4 D:\Program Files\XAMPP\htdocs\bitirmeProjesi\app\Controllers\Frontend\Home.php(36): view('Frontend/HomeVi...', Array)
#5 D:\Program Files\XAMPP\htdocs\bitirmeProjesi\system\CodeIgniter.php(824): App\Controllers\Frontend\Home->index('tr')
#6 D:\Program Files\XAMPP\htdocs\bitirmeProjesi\system\CodeIgniter.php(410): CodeIgniter\CodeIgniter->runController(Object(App\Controllers\Frontend\Home))
#7 D:\Program Files\XAMPP\htdocs\bitirmeProjesi\system\CodeIgniter.php(318): CodeIgniter\CodeIgniter->handleRequest(NULL, Object(Config\Cache), false)
#8 D:\Program Files\XAMPP\htdocs\bitirmeProjesi\index.php(37): CodeIgniter\CodeIgniter->run()
#9 {main}
CRITICAL - 2021-12-24 22:35:59 --> Attempt to read property "motivasyon_content" on string
#0 D:\Program Files\XAMPP\htdocs\bitirmeProjesi\app\Views\Frontend\HomeView.php(91): CodeIgniter\Debug\Exceptions->errorHandler(2, 'Attempt to read...', 'D:\\Program File...', 91)
#1 D:\Program Files\XAMPP\htdocs\bitirmeProjesi\system\View\View.php(214): include('D:\\Program File...')
#2 D:\Program Files\XAMPP\htdocs\bitirmeProjesi\system\View\View.php(217): CodeIgniter\View\View->CodeIgniter\View\{closure}()
#3 D:\Program Files\XAMPP\htdocs\bitirmeProjesi\system\Common.php(1097): CodeIgniter\View\View->render('Frontend/HomeVi...', Array, true)
#4 D:\Program Files\XAMPP\htdocs\bitirmeProjesi\app\Controllers\Frontend\Home.php(36): view('Frontend/HomeVi...', Array)
#5 D:\Program Files\XAMPP\htdocs\bitirmeProjesi\system\CodeIgniter.php(824): App\Controllers\Frontend\Home->index('tr')
#6 D:\Program Files\XAMPP\htdocs\bitirmeProjesi\system\CodeIgniter.php(410): CodeIgniter\CodeIgniter->runController(Object(App\Controllers\Frontend\Home))
#7 D:\Program Files\XAMPP\htdocs\bitirmeProjesi\system\CodeIgniter.php(318): CodeIgniter\CodeIgniter->handleRequest(NULL, Object(Config\Cache), false)
#8 D:\Program Files\XAMPP\htdocs\bitirmeProjesi\index.php(37): CodeIgniter\CodeIgniter->run()
#9 {main}
CRITICAL - 2021-12-24 22:36:21 --> Cannot access offset of type string on string
#0 D:\Program Files\XAMPP\htdocs\bitirmeProjesi\system\View\View.php(214): include()
#1 D:\Program Files\XAMPP\htdocs\bitirmeProjesi\system\View\View.php(217): CodeIgniter\View\View->CodeIgniter\View\{closure}()
#2 D:\Program Files\XAMPP\htdocs\bitirmeProjesi\system\Common.php(1097): CodeIgniter\View\View->render('Frontend/HomeVi...', Array, true)
#3 D:\Program Files\XAMPP\htdocs\bitirmeProjesi\app\Controllers\Frontend\Home.php(36): view('Frontend/HomeVi...', Array)
#4 D:\Program Files\XAMPP\htdocs\bitirmeProjesi\system\CodeIgniter.php(824): App\Controllers\Frontend\Home->index('tr')
#5 D:\Program Files\XAMPP\htdocs\bitirmeProjesi\system\CodeIgniter.php(410): CodeIgniter\CodeIgniter->runController(Object(App\Controllers\Frontend\Home))
#6 D:\Program Files\XAMPP\htdocs\bitirmeProjesi\system\CodeIgniter.php(318): CodeIgniter\CodeIgniter->handleRequest(NULL, Object(Config\Cache), false)
#7 D:\Program Files\XAMPP\htdocs\bitirmeProjesi\index.php(37): CodeIgniter\CodeIgniter->run()
#8 {main}
CRITICAL - 2021-12-24 22:36:27 --> Cannot access offset of type string on string
#0 D:\Program Files\XAMPP\htdocs\bitirmeProjesi\system\View\View.php(214): include()
#1 D:\Program Files\XAMPP\htdocs\bitirmeProjesi\system\View\View.php(217): CodeIgniter\View\View->CodeIgniter\View\{closure}()
#2 D:\Program Files\XAMPP\htdocs\bitirmeProjesi\system\Common.php(1097): CodeIgniter\View\View->render('Frontend/HomeVi...', Array, true)
#3 D:\Program Files\XAMPP\htdocs\bitirmeProjesi\app\Controllers\Frontend\Home.php(36): view('Frontend/HomeVi...', Array)
#4 D:\Program Files\XAMPP\htdocs\bitirmeProjesi\system\CodeIgniter.php(824): App\Controllers\Frontend\Home->index('tr')
#5 D:\Program Files\XAMPP\htdocs\bitirmeProjesi\system\CodeIgniter.php(410): CodeIgniter\CodeIgniter->runController(Object(App\Controllers\Frontend\Home))
#6 D:\Program Files\XAMPP\htdocs\bitirmeProjesi\system\CodeIgniter.php(318): CodeIgniter\CodeIgniter->handleRequest(NULL, Object(Config\Cache), false)
#7 D:\Program Files\XAMPP\htdocs\bitirmeProjesi\index.php(37): CodeIgniter\CodeIgniter->run()
#8 {main}
CRITICAL - 2021-12-24 22:36:44 --> Attempt to read property "motivasyon_content" on string
#0 D:\Program Files\XAMPP\htdocs\bitirmeProjesi\app\Views\Frontend\HomeView.php(91): CodeIgniter\Debug\Exceptions->errorHandler(2, 'Attempt to read...', 'D:\\Program File...', 91)
#1 D:\Program Files\XAMPP\htdocs\bitirmeProjesi\system\View\View.php(214): include('D:\\Program File...')
#2 D:\Program Files\XAMPP\htdocs\bitirmeProjesi\system\View\View.php(217): CodeIgniter\View\View->CodeIgniter\View\{closure}()
#3 D:\Program Files\XAMPP\htdocs\bitirmeProjesi\system\Common.php(1097): CodeIgniter\View\View->render('Frontend/HomeVi...', Array, true)
#4 D:\Program Files\XAMPP\htdocs\bitirmeProjesi\app\Controllers\Frontend\Home.php(36): view('Frontend/HomeVi...', Array)
#5 D:\Program Files\XAMPP\htdocs\bitirmeProjesi\system\CodeIgniter.php(824): App\Controllers\Frontend\Home->index('tr')
#6 D:\Program Files\XAMPP\htdocs\bitirmeProjesi\system\CodeIgniter.php(410): CodeIgniter\CodeIgniter->runController(Object(App\Controllers\Frontend\Home))
#7 D:\Program Files\XAMPP\htdocs\bitirmeProjesi\system\CodeIgniter.php(318): CodeIgniter\CodeIgniter->handleRequest(NULL, Object(Config\Cache), false)
#8 D:\Program Files\XAMPP\htdocs\bitirmeProjesi\index.php(37): CodeIgniter\CodeIgniter->run()
#9 {main}
CRITICAL - 2021-12-24 22:37:28 --> Attempt to read property "key" on string
#0 D:\Program Files\XAMPP\htdocs\bitirmeProjesi\app\Views\Frontend\HomeView.php(91): CodeIgniter\Debug\Exceptions->errorHandler(2, 'Attempt to read...', 'D:\\Program File...', 91)
#1 D:\Program Files\XAMPP\htdocs\bitirmeProjesi\system\View\View.php(214): include('D:\\Program File...')
#2 D:\Program Files\XAMPP\htdocs\bitirmeProjesi\system\View\View.php(217): CodeIgniter\View\View->CodeIgniter\View\{closure}()
#3 D:\Program Files\XAMPP\htdocs\bitirmeProjesi\system\Common.php(1097): CodeIgniter\View\View->render('Frontend/HomeVi...', Array, true)
#4 D:\Program Files\XAMPP\htdocs\bitirmeProjesi\app\Controllers\Frontend\Home.php(36): view('Frontend/HomeVi...', Array)
#5 D:\Program Files\XAMPP\htdocs\bitirmeProjesi\system\CodeIgniter.php(824): App\Controllers\Frontend\Home->index('tr')
#6 D:\Program Files\XAMPP\htdocs\bitirmeProjesi\system\CodeIgniter.php(410): CodeIgniter\CodeIgniter->runController(Object(App\Controllers\Frontend\Home))
#7 D:\Program Files\XAMPP\htdocs\bitirmeProjesi\system\CodeIgniter.php(318): CodeIgniter\CodeIgniter->handleRequest(NULL, Object(Config\Cache), false)
#8 D:\Program Files\XAMPP\htdocs\bitirmeProjesi\index.php(37): CodeIgniter\CodeIgniter->run()
#9 {main}
CRITICAL - 2021-12-24 22:37:56 --> Attempt to read property "yazilar" on string
#0 D:\Program Files\XAMPP\htdocs\bitirmeProjesi\app\Views\Frontend\HomeView.php(91): CodeIgniter\Debug\Exceptions->errorHandler(2, 'Attempt to read...', 'D:\\Program File...', 91)
#1 D:\Program Files\XAMPP\htdocs\bitirmeProjesi\system\View\View.php(214): include('D:\\Program File...')
#2 D:\Program Files\XAMPP\htdocs\bitirmeProjesi\system\View\View.php(217): CodeIgniter\View\View->CodeIgniter\View\{closure}()
#3 D:\Program Files\XAMPP\htdocs\bitirmeProjesi\system\Common.php(1097): CodeIgniter\View\View->render('Frontend/HomeVi...', Array, true)
#4 D:\Program Files\XAMPP\htdocs\bitirmeProjesi\app\Controllers\Frontend\Home.php(36): view('Frontend/HomeVi...', Array)
#5 D:\Program Files\XAMPP\htdocs\bitirmeProjesi\system\CodeIgniter.php(824): App\Controllers\Frontend\Home->index('tr')
#6 D:\Program Files\XAMPP\htdocs\bitirmeProjesi\system\CodeIgniter.php(410): CodeIgniter\CodeIgniter->runController(Object(App\Controllers\Frontend\Home))
#7 D:\Program Files\XAMPP\htdocs\bitirmeProjesi\system\CodeIgniter.php(318): CodeIgniter\CodeIgniter->handleRequest(NULL, Object(Config\Cache), false)
#8 D:\Program Files\XAMPP\htdocs\bitirmeProjesi\index.php(37): CodeIgniter\CodeIgniter->run()
#9 {main}
CRITICAL - 2021-12-24 22:38:03 --> Attempt to read property "yazilar" on string
#0 D:\Program Files\XAMPP\htdocs\bitirmeProjesi\app\Views\Frontend\HomeView.php(91): CodeIgniter\Debug\Exceptions->errorHandler(2, 'Attempt to read...', 'D:\\Program File...', 91)
#1 D:\Program Files\XAMPP\htdocs\bitirmeProjesi\system\View\View.php(214): include('D:\\Program File...')
#2 D:\Program Files\XAMPP\htdocs\bitirmeProjesi\system\View\View.php(217): CodeIgniter\View\View->CodeIgniter\View\{closure}()
#3 D:\Program Files\XAMPP\htdocs\bitirmeProjesi\system\Common.php(1097): CodeIgniter\View\View->render('Frontend/HomeVi...', Array, true)
#4 D:\Program Files\XAMPP\htdocs\bitirmeProjesi\app\Controllers\Frontend\Home.php(36): view('Frontend/HomeVi...', Array)
#5 D:\Program Files\XAMPP\htdocs\bitirmeProjesi\system\CodeIgniter.php(824): App\Controllers\Frontend\Home->index('tr')
#6 D:\Program Files\XAMPP\htdocs\bitirmeProjesi\system\CodeIgniter.php(410): CodeIgniter\CodeIgniter->runController(Object(App\Controllers\Frontend\Home))
#7 D:\Program Files\XAMPP\htdocs\bitirmeProjesi\system\CodeIgniter.php(318): CodeIgniter\CodeIgniter->handleRequest(NULL, Object(Config\Cache), false)
#8 D:\Program Files\XAMPP\htdocs\bitirmeProjesi\index.php(37): CodeIgniter\CodeIgniter->run()
#9 {main}
CRITICAL - 2021-12-24 22:38:27 --> Undefined variable $record
#0 D:\Program Files\XAMPP\htdocs\bitirmeProjesi\app\Views\Frontend\HomeView.php(85): CodeIgniter\Debug\Exceptions->errorHandler(2, 'Undefined varia...', 'D:\\Program File...', 85)
#1 D:\Program Files\XAMPP\htdocs\bitirmeProjesi\system\View\View.php(214): include('D:\\Program File...')
#2 D:\Program Files\XAMPP\htdocs\bitirmeProjesi\system\View\View.php(217): CodeIgniter\View\View->CodeIgniter\View\{closure}()
#3 D:\Program Files\XAMPP\htdocs\bitirmeProjesi\system\Common.php(1097): CodeIgniter\View\View->render('Frontend/HomeVi...', Array, true)
#4 D:\Program Files\XAMPP\htdocs\bitirmeProjesi\app\Controllers\Frontend\Home.php(36): view('Frontend/HomeVi...', Array)
#5 D:\Program Files\XAMPP\htdocs\bitirmeProjesi\system\CodeIgniter.php(824): App\Controllers\Frontend\Home->index('tr')
#6 D:\Program Files\XAMPP\htdocs\bitirmeProjesi\system\CodeIgniter.php(410): CodeIgniter\CodeIgniter->runController(Object(App\Controllers\Frontend\Home))
#7 D:\Program Files\XAMPP\htdocs\bitirmeProjesi\system\CodeIgniter.php(318): CodeIgniter\CodeIgniter->handleRequest(NULL, Object(Config\Cache), false)
#8 D:\Program Files\XAMPP\htdocs\bitirmeProjesi\index.php(37): CodeIgniter\CodeIgniter->run()
#9 {main}
CRITICAL - 2021-12-24 22:38:49 --> Attempt to read property "yazilar" on string
#0 D:\Program Files\XAMPP\htdocs\bitirmeProjesi\app\Views\Frontend\HomeView.php(91): CodeIgniter\Debug\Exceptions->errorHandler(2, 'Attempt to read...', 'D:\\Program File...', 91)
#1 D:\Program Files\XAMPP\htdocs\bitirmeProjesi\system\View\View.php(214): include('D:\\Program File...')
#2 D:\Program Files\XAMPP\htdocs\bitirmeProjesi\system\View\View.php(217): CodeIgniter\View\View->CodeIgniter\View\{closure}()
#3 D:\Program Files\XAMPP\htdocs\bitirmeProjesi\system\Common.php(1097): CodeIgniter\View\View->render('Frontend/HomeVi...', Array, true)
#4 D:\Program Files\XAMPP\htdocs\bitirmeProjesi\app\Controllers\Frontend\Home.php(36): view('Frontend/HomeVi...', Array)
#5 D:\Program Files\XAMPP\htdocs\bitirmeProjesi\system\CodeIgniter.php(824): App\Controllers\Frontend\Home->index('tr')
#6 D:\Program Files\XAMPP\htdocs\bitirmeProjesi\system\CodeIgniter.php(410): CodeIgniter\CodeIgniter->runController(Object(App\Controllers\Frontend\Home))
#7 D:\Program Files\XAMPP\htdocs\bitirmeProjesi\system\CodeIgniter.php(318): CodeIgniter\CodeIgniter->handleRequest(NULL, Object(Config\Cache), false)
#8 D:\Program Files\XAMPP\htdocs\bitirmeProjesi\index.php(37): CodeIgniter\CodeIgniter->run()
#9 {main}
CRITICAL - 2021-12-24 22:39:12 --> Attempt to read property "motivasyon_content" on string
#0 D:\Program Files\XAMPP\htdocs\bitirmeProjesi\app\Views\Frontend\HomeView.php(91): CodeIgniter\Debug\Exceptions->errorHandler(2, 'Attempt to read...', 'D:\\Program File...', 91)
#1 D:\Program Files\XAMPP\htdocs\bitirmeProjesi\system\View\View.php(214): include('D:\\Program File...')
#2 D:\Program Files\XAMPP\htdocs\bitirmeProjesi\system\View\View.php(217): CodeIgniter\View\View->CodeIgniter\View\{closure}()
#3 D:\Program Files\XAMPP\htdocs\bitirmeProjesi\system\Common.php(1097): CodeIgniter\View\View->render('Frontend/HomeVi...', Array, true)
#4 D:\Program Files\XAMPP\htdocs\bitirmeProjesi\app\Controllers\Frontend\Home.php(36): view('Frontend/HomeVi...', Array)
#5 D:\Program Files\XAMPP\htdocs\bitirmeProjesi\system\CodeIgniter.php(824): App\Controllers\Frontend\Home->index('tr')
#6 D:\Program Files\XAMPP\htdocs\bitirmeProjesi\system\CodeIgniter.php(410): CodeIgniter\CodeIgniter->runController(Object(App\Controllers\Frontend\Home))
#7 D:\Program Files\XAMPP\htdocs\bitirmeProjesi\system\CodeIgniter.php(318): CodeIgniter\CodeIgniter->handleRequest(NULL, Object(Config\Cache), false)
#8 D:\Program Files\XAMPP\htdocs\bitirmeProjesi\index.php(37): CodeIgniter\CodeIgniter->run()
#9 {main}
CRITICAL - 2021-12-24 22:44:07 --> Cannot use object of type stdClass as array
#0 D:\Program Files\XAMPP\htdocs\bitirmeProjesi\system\View\View.php(214): include()
#1 D:\Program Files\XAMPP\htdocs\bitirmeProjesi\system\View\View.php(217): CodeIgniter\View\View->CodeIgniter\View\{closure}()
#2 D:\Program Files\XAMPP\htdocs\bitirmeProjesi\system\Common.php(1097): CodeIgniter\View\View->render('Frontend/HomeVi...', Array, true)
#3 D:\Program Files\XAMPP\htdocs\bitirmeProjesi\app\Controllers\Frontend\Home.php(38): view('Frontend/HomeVi...', Array)
#4 D:\Program Files\XAMPP\htdocs\bitirmeProjesi\system\CodeIgniter.php(824): App\Controllers\Frontend\Home->index('tr')
#5 D:\Program Files\XAMPP\htdocs\bitirmeProjesi\system\CodeIgniter.php(410): CodeIgniter\CodeIgniter->runController(Object(App\Controllers\Frontend\Home))
#6 D:\Program Files\XAMPP\htdocs\bitirmeProjesi\system\CodeIgniter.php(318): CodeIgniter\CodeIgniter->handleRequest(NULL, Object(Config\Cache), false)
#7 D:\Program Files\XAMPP\htdocs\bitirmeProjesi\index.php(37): CodeIgniter\CodeIgniter->run()
#8 {main}
CRITICAL - 2021-12-24 22:50:28 --> Undefined array key "record"
#0 D:\Program Files\XAMPP\htdocs\bitirmeProjesi\app\Views\Frontend\HomeView.php(85): CodeIgniter\Debug\Exceptions->errorHandler(2, 'Undefined array...', 'D:\\Program File...', 85)
#1 D:\Program Files\XAMPP\htdocs\bitirmeProjesi\system\View\View.php(214): include('D:\\Program File...')
#2 D:\Program Files\XAMPP\htdocs\bitirmeProjesi\system\View\View.php(217): CodeIgniter\View\View->CodeIgniter\View\{closure}()
#3 D:\Program Files\XAMPP\htdocs\bitirmeProjesi\system\Common.php(1097): CodeIgniter\View\View->render('Frontend/HomeVi...', Array, true)
#4 D:\Program Files\XAMPP\htdocs\bitirmeProjesi\app\Controllers\Frontend\Home.php(39): view('Frontend/HomeVi...', Array)
#5 D:\Program Files\XAMPP\htdocs\bitirmeProjesi\system\CodeIgniter.php(824): App\Controllers\Frontend\Home->index('tr')
#6 D:\Program Files\XAMPP\htdocs\bitirmeProjesi\system\CodeIgniter.php(410): CodeIgniter\CodeIgniter->runController(Object(App\Controllers\Frontend\Home))
#7 D:\Program Files\XAMPP\htdocs\bitirmeProjesi\system\CodeIgniter.php(318): CodeIgniter\CodeIgniter->handleRequest(NULL, Object(Config\Cache), false)
#8 D:\Program Files\XAMPP\htdocs\bitirmeProjesi\index.php(37): CodeIgniter\CodeIgniter->run()
#9 {main}
CRITICAL - 2021-12-24 22:50:57 --> Undefined array key "record"
#0 D:\Program Files\XAMPP\htdocs\bitirmeProjesi\app\Views\Frontend\HomeView.php(85): CodeIgniter\Debug\Exceptions->errorHandler(2, 'Undefined array...', 'D:\\Program File...', 85)
#1 D:\Program Files\XAMPP\htdocs\bitirmeProjesi\system\View\View.php(214): include('D:\\Program File...')
#2 D:\Program Files\XAMPP\htdocs\bitirmeProjesi\system\View\View.php(217): CodeIgniter\View\View->CodeIgniter\View\{closure}()
#3 D:\Program Files\XAMPP\htdocs\bitirmeProjesi\system\Common.php(1097): CodeIgniter\View\View->render('Frontend/HomeVi...', Array, true)
#4 D:\Program Files\XAMPP\htdocs\bitirmeProjesi\app\Controllers\Frontend\Home.php(39): view('Frontend/HomeVi...', Array)
#5 D:\Program Files\XAMPP\htdocs\bitirmeProjesi\system\CodeIgniter.php(824): App\Controllers\Frontend\Home->index('tr')
#6 D:\Program Files\XAMPP\htdocs\bitirmeProjesi\system\CodeIgniter.php(410): CodeIgniter\CodeIgniter->runController(Object(App\Controllers\Frontend\Home))
#7 D:\Program Files\XAMPP\htdocs\bitirmeProjesi\system\CodeIgniter.php(318): CodeIgniter\CodeIgniter->handleRequest(NULL, Object(Config\Cache), false)
#8 D:\Program Files\XAMPP\htdocs\bitirmeProjesi\index.php(37): CodeIgniter\CodeIgniter->run()
#9 {main}
CRITICAL - 2021-12-24 23:58:36 --> Attempt to read property "yazi_title" on array
#0 D:\Program Files\XAMPP\htdocs\bitirmeProjesi\app\Views\Frontend\HomeView.php(127): CodeIgniter\Debug\Exceptions->errorHandler(2, 'Attempt to read...', 'D:\\Program File...', 127)
#1 D:\Program Files\XAMPP\htdocs\bitirmeProjesi\system\View\View.php(214): include('D:\\Program File...')
#2 D:\Program Files\XAMPP\htdocs\bitirmeProjesi\system\View\View.php(217): CodeIgniter\View\View->CodeIgniter\View\{closure}()
#3 D:\Program Files\XAMPP\htdocs\bitirmeProjesi\system\Common.php(1097): CodeIgniter\View\View->render('Frontend/HomeVi...', Array, true)
#4 D:\Program Files\XAMPP\htdocs\bitirmeProjesi\app\Controllers\Frontend\Home.php(40): view('Frontend/HomeVi...', Array)
#5 D:\Program Files\XAMPP\htdocs\bitirmeProjesi\system\CodeIgniter.php(824): App\Controllers\Frontend\Home->index('tr')
#6 D:\Program Files\XAMPP\htdocs\bitirmeProjesi\system\CodeIgniter.php(410): CodeIgniter\CodeIgniter->runController(Object(App\Controllers\Frontend\Home))
#7 D:\Program Files\XAMPP\htdocs\bitirmeProjesi\system\CodeIgniter.php(318): CodeIgniter\CodeIgniter->handleRequest(NULL, Object(Config\Cache), false)
#8 D:\Program Files\XAMPP\htdocs\bitirmeProjesi\index.php(37): CodeIgniter\CodeIgniter->run()
#9 {main}
CRITICAL - 2021-12-24 23:58:57 --> Attempt to read property "yazi_title" on array
#0 D:\Program Files\XAMPP\htdocs\bitirmeProjesi\app\Views\Frontend\HomeView.php(127): CodeIgniter\Debug\Exceptions->errorHandler(2, 'Attempt to read...', 'D:\\Program File...', 127)
#1 D:\Program Files\XAMPP\htdocs\bitirmeProjesi\system\View\View.php(214): include('D:\\Program File...')
#2 D:\Program Files\XAMPP\htdocs\bitirmeProjesi\system\View\View.php(217): CodeIgniter\View\View->CodeIgniter\View\{closure}()
#3 D:\Program Files\XAMPP\htdocs\bitirmeProjesi\system\Common.php(1097): CodeIgniter\View\View->render('Frontend/HomeVi...', Array, true)
#4 D:\Program Files\XAMPP\htdocs\bitirmeProjesi\app\Controllers\Frontend\Home.php(40): view('Frontend/HomeVi...', Array)
#5 D:\Program Files\XAMPP\htdocs\bitirmeProjesi\system\CodeIgniter.php(824): App\Controllers\Frontend\Home->index('tr')
#6 D:\Program Files\XAMPP\htdocs\bitirmeProjesi\system\CodeIgniter.php(410): CodeIgniter\CodeIgniter->runController(Object(App\Controllers\Frontend\Home))
#7 D:\Program Files\XAMPP\htdocs\bitirmeProjesi\system\CodeIgniter.php(318): CodeIgniter\CodeIgniter->handleRequest(NULL, Object(Config\Cache), false)
#8 D:\Program Files\XAMPP\htdocs\bitirmeProjesi\index.php(37): CodeIgniter\CodeIgniter->run()
#9 {main}
CRITICAL - 2021-12-24 23:59:40 --> Attempt to read property "yazi_title" on array
#0 D:\Program Files\XAMPP\htdocs\bitirmeProjesi\app\Views\Frontend\HomeView.php(127): CodeIgniter\Debug\Exceptions->errorHandler(2, 'Attempt to read...', 'D:\\Program File...', 127)
#1 D:\Program Files\XAMPP\htdocs\bitirmeProjesi\system\View\View.php(214): include('D:\\Program File...')
#2 D:\Program Files\XAMPP\htdocs\bitirmeProjesi\system\View\View.php(217): CodeIgniter\View\View->CodeIgniter\View\{closure}()
#3 D:\Program Files\XAMPP\htdocs\bitirmeProjesi\system\Common.php(1097): CodeIgniter\View\View->render('Frontend/HomeVi...', Array, true)
#4 D:\Program Files\XAMPP\htdocs\bitirmeProjesi\app\Controllers\Frontend\Home.php(40): view('Frontend/HomeVi...', Array)
#5 D:\Program Files\XAMPP\htdocs\bitirmeProjesi\system\CodeIgniter.php(824): App\Controllers\Frontend\Home->index('tr')
#6 D:\Program Files\XAMPP\htdocs\bitirmeProjesi\system\CodeIgniter.php(410): CodeIgniter\CodeIgniter->runController(Object(App\Controllers\Frontend\Home))
#7 D:\Program Files\XAMPP\htdocs\bitirmeProjesi\system\CodeIgniter.php(318): CodeIgniter\CodeIgniter->handleRequest(NULL, Object(Config\Cache), false)
#8 D:\Program Files\XAMPP\htdocs\bitirmeProjesi\index.php(37): CodeIgniter\CodeIgniter->run()
#9 {main}
CRITICAL - 2021-12-24 23:59:41 --> Attempt to read property "yazi_title" on array
#0 D:\Program Files\XAMPP\htdocs\bitirmeProjesi\app\Views\Frontend\HomeView.php(127): CodeIgniter\Debug\Exceptions->errorHandler(2, 'Attempt to read...', 'D:\\Program File...', 127)
#1 D:\Program Files\XAMPP\htdocs\bitirmeProjesi\system\View\View.php(214): include('D:\\Program File...')
#2 D:\Program Files\XAMPP\htdocs\bitirmeProjesi\system\View\View.php(217): CodeIgniter\View\View->CodeIgniter\View\{closure}()
#3 D:\Program Files\XAMPP\htdocs\bitirmeProjesi\system\Common.php(1097): CodeIgniter\View\View->render('Frontend/HomeVi...', Array, true)
#4 D:\Program Files\XAMPP\htdocs\bitirmeProjesi\app\Controllers\Frontend\Home.php(40): view('Frontend/HomeVi...', Array)
#5 D:\Program Files\XAMPP\htdocs\bitirmeProjesi\system\CodeIgniter.php(824): App\Controllers\Frontend\Home->index('tr')
#6 D:\Program Files\XAMPP\htdocs\bitirmeProjesi\system\CodeIgniter.php(410): CodeIgniter\CodeIgniter->runController(Object(App\Controllers\Frontend\Home))
#7 D:\Program Files\XAMPP\htdocs\bitirmeProjesi\system\CodeIgniter.php(318): CodeIgniter\CodeIgniter->handleRequest(NULL, Object(Config\Cache), false)
#8 D:\Program Files\XAMPP\htdocs\bitirmeProjesi\index.php(37): CodeIgniter\CodeIgniter->run()
#9 {main}
